-- Found ament_cmake: 0.9.12 (/opt/ros/foxy/share/ament_cmake/cmake)
[33mCMake Warning (dev) at /opt/ros/foxy/share/ament_cmake_core/cmake/core/python.cmake:22 (find_package):
  Policy CMP0148 is not set: The FindPythonInterp and FindPythonLibs modules
  are removed.  Run "cmake --help-policy CMP0148" for policy details.  Use
  the cmake_policy command to set the policy and suppress this warning.

Call Stack (most recent call first):
  /opt/ros/foxy/share/ament_cmake_core/cmake/core/all.cmake:53 (include)
  /opt/ros/foxy/share/ament_cmake_core/cmake/ament_cmake_core-extras.cmake:17 (include)
  /opt/ros/foxy/share/ament_cmake_core/cmake/ament_cmake_coreConfig.cmake:41 (include)
  /opt/ros/foxy/share/ament_cmake/cmake/ament_cmake_export_dependencies-extras.cmake:15 (find_package)
  /opt/ros/foxy/share/ament_cmake/cmake/ament_cmakeConfig.cmake:41 (include)
  CMakeLists.txt:19 (find_package)
This warning is for project developers.  Use -Wno-dev to suppress it.
[0m
-- Found PythonInterp: /usr/bin/python3 (found suitable version "3.8.10", minimum required is "3") 
-- Using PYTHON_EXECUTABLE: /usr/bin/python3
-- Found rclcpp: 2.4.3 (/opt/ros/foxy/share/rclcpp/cmake)
-- Using all available rosidl_typesupport_c: rosidl_typesupport_fastrtps_c;rosidl_typesupport_introspection_c
-- Found rosidl_adapter: 1.3.1 (/opt/ros/foxy/share/rosidl_adapter/cmake)
-- Using all available rosidl_typesupport_cpp: rosidl_typesupport_fastrtps_cpp;rosidl_typesupport_introspection_cpp
-- Found rmw_implementation_cmake: 1.0.4 (/opt/ros/foxy/share/rmw_implementation_cmake/cmake)
-- Using RMW implementation 'rmw_fastrtps_cpp' as default
-- Found rosidl_default_generators: 1.0.1 (/opt/ros/foxy/share/rosidl_default_generators/cmake)
[33mCMake Warning (dev) at /opt/ros/foxy/share/rosidl_adapter/cmake/rosidl_adapt_interfaces.cmake:40 (find_package):
  Policy CMP0148 is not set: The FindPythonInterp and FindPythonLibs modules
  are removed.  Run "cmake --help-policy CMP0148" for policy details.  Use
  the cmake_policy command to set the policy and suppress this warning.

Call Stack (most recent call first):
  /opt/ros/foxy/share/rosidl_cmake/cmake/rosidl_generate_interfaces.cmake:130 (rosidl_adapt_interfaces)
  CMakeLists.txt:26 (rosidl_generate_interfaces)
This warning is for project developers.  Use -Wno-dev to suppress it.
[0m
-- Found PythonInterp: /usr/bin/python3 (found version "3.8.10") 
[33mCMake Warning (dev) at /home/jrlintern/Desktop/CNRS_AIST_Work/CNRS_AIST_Mobile_Shopping_Robot/robot_ws_ros2/build/c_pkg/ament_cmake_core/package.cmake:4:
  Syntax Warning in cmake code at column 27

  Argument not separated from preceding token by whitespace.
Call Stack (most recent call first):
  /opt/ros/foxy/share/ament_cmake_core/cmake/core/ament_package_xml.cmake:99 (include)
  /opt/ros/foxy/share/ament_cmake_core/cmake/core/ament_package_xml.cmake:49 (_ament_package_xml)
  /opt/ros/foxy/share/rosidl_cmake/cmake/rosidl_generate_interfaces.cmake:226 (ament_package_xml)
  CMakeLists.txt:26 (rosidl_generate_interfaces)
This warning is for project developers.  Use -Wno-dev to suppress it.
[0m
[33mCMake Warning (dev) at /home/jrlintern/Desktop/CNRS_AIST_Work/CNRS_AIST_Mobile_Shopping_Robot/robot_ws_ros2/build/c_pkg/ament_cmake_core/package.cmake:4:
  Syntax Warning in cmake code at column 38

  Argument not separated from preceding token by whitespace.
Call Stack (most recent call first):
  /opt/ros/foxy/share/ament_cmake_core/cmake/core/ament_package_xml.cmake:99 (include)
  /opt/ros/foxy/share/ament_cmake_core/cmake/core/ament_package_xml.cmake:49 (_ament_package_xml)
  /opt/ros/foxy/share/rosidl_cmake/cmake/rosidl_generate_interfaces.cmake:226 (ament_package_xml)
  CMakeLists.txt:26 (rosidl_generate_interfaces)
This warning is for project developers.  Use -Wno-dev to suppress it.
[0m
[33mCMake Warning (dev) at /home/jrlintern/Desktop/CNRS_AIST_Work/CNRS_AIST_Mobile_Shopping_Robot/robot_ws_ros2/build/c_pkg/ament_cmake_core/package.cmake:6:
  Syntax Warning in cmake code at column 34

  Argument not separated from preceding token by whitespace.
Call Stack (most recent call first):
  /opt/ros/foxy/share/ament_cmake_core/cmake/core/ament_package_xml.cmake:99 (include)
  /opt/ros/foxy/share/ament_cmake_core/cmake/core/ament_package_xml.cmake:49 (_ament_package_xml)
  /opt/ros/foxy/share/rosidl_cmake/cmake/rosidl_generate_interfaces.cmake:226 (ament_package_xml)
  CMakeLists.txt:26 (rosidl_generate_interfaces)
This warning is for project developers.  Use -Wno-dev to suppress it.
[0m
[33mCMake Warning (dev) at /home/jrlintern/Desktop/CNRS_AIST_Work/CNRS_AIST_Mobile_Shopping_Robot/robot_ws_ros2/build/c_pkg/ament_cmake_core/package.cmake:6:
  Syntax Warning in cmake code at column 45

  Argument not separated from preceding token by whitespace.
Call Stack (most recent call first):
  /opt/ros/foxy/share/ament_cmake_core/cmake/core/ament_package_xml.cmake:99 (include)
  /opt/ros/foxy/share/ament_cmake_core/cmake/core/ament_package_xml.cmake:49 (_ament_package_xml)
  /opt/ros/foxy/share/rosidl_cmake/cmake/rosidl_generate_interfaces.cmake:226 (ament_package_xml)
  CMakeLists.txt:26 (rosidl_generate_interfaces)
This warning is for project developers.  Use -Wno-dev to suppress it.
[0m
[33mCMake Warning (dev) at /home/jrlintern/Desktop/CNRS_AIST_Work/CNRS_AIST_Mobile_Shopping_Robot/robot_ws_ros2/build/c_pkg/ament_cmake_core/package.cmake:8:
  Syntax Warning in cmake code at column 51

  Argument not separated from preceding token by whitespace.
Call Stack (most recent call first):
  /opt/ros/foxy/share/ament_cmake_core/cmake/core/ament_package_xml.cmake:99 (include)
  /opt/ros/foxy/share/ament_cmake_core/cmake/core/ament_package_xml.cmake:49 (_ament_package_xml)
  /opt/ros/foxy/share/rosidl_cmake/cmake/rosidl_generate_interfaces.cmake:226 (ament_package_xml)
  CMakeLists.txt:26 (rosidl_generate_interfaces)
This warning is for project developers.  Use -Wno-dev to suppress it.
[0m
[33mCMake Warning (dev) at /home/jrlintern/Desktop/CNRS_AIST_Work/CNRS_AIST_Mobile_Shopping_Robot/robot_ws_ros2/build/c_pkg/ament_cmake_core/package.cmake:8:
  Syntax Warning in cmake code at column 62

  Argument not separated from preceding token by whitespace.
Call Stack (most recent call first):
  /opt/ros/foxy/share/ament_cmake_core/cmake/core/ament_package_xml.cmake:99 (include)
  /opt/ros/foxy/share/ament_cmake_core/cmake/core/ament_package_xml.cmake:49 (_ament_package_xml)
  /opt/ros/foxy/share/rosidl_cmake/cmake/rosidl_generate_interfaces.cmake:226 (ament_package_xml)
  CMakeLists.txt:26 (rosidl_generate_interfaces)
This warning is for project developers.  Use -Wno-dev to suppress it.
[0m
-- Found ament_cmake_ros: 0.9.2 (/opt/ros/foxy/share/ament_cmake_ros/cmake)
-- Using all available rosidl_typesupport_c: rosidl_typesupport_fastrtps_c;rosidl_typesupport_introspection_c
-- Using all available rosidl_typesupport_cpp: rosidl_typesupport_fastrtps_cpp;rosidl_typesupport_introspection_cpp
[33mCMake Warning (dev) at /opt/ros/foxy/share/rosidl_generator_py/cmake/rosidl_generator_py_generate_interfaces.cmake:20 (find_package):
  Policy CMP0148 is not set: The FindPythonInterp and FindPythonLibs modules
  are removed.  Run "cmake --help-policy CMP0148" for policy details.  Use
  the cmake_policy command to set the policy and suppress this warning.

Call Stack (most recent call first):
  /opt/ros/foxy/share/ament_cmake_core/cmake/core/ament_execute_extensions.cmake:48 (include)
  /opt/ros/foxy/share/rosidl_cmake/cmake/rosidl_generate_interfaces.cmake:286 (ament_execute_extensions)
  CMakeLists.txt:26 (rosidl_generate_interfaces)
This warning is for project developers.  Use -Wno-dev to suppress it.
[0m
-- Found PythonInterp: /usr/bin/python3 (found suitable version "3.8.10", minimum required is "3.5") 
-- Found python_cmake_module: 0.8.1 (/opt/ros/foxy/share/python_cmake_module/cmake)
[33mCMake Warning (dev) at /opt/ros/foxy/share/python_cmake_module/cmake/Modules/FindPythonExtra.cmake:45 (find_package):
  Policy CMP0148 is not set: The FindPythonInterp and FindPythonLibs modules
  are removed.  Run "cmake --help-policy CMP0148" for policy details.  Use
  the cmake_policy command to set the policy and suppress this warning.

Call Stack (most recent call first):
  /opt/ros/foxy/share/rosidl_generator_py/cmake/rosidl_generator_py_generate_interfaces.cmake:23 (find_package)
  /opt/ros/foxy/share/ament_cmake_core/cmake/core/ament_execute_extensions.cmake:48 (include)
  /opt/ros/foxy/share/rosidl_cmake/cmake/rosidl_generate_interfaces.cmake:286 (ament_execute_extensions)
  CMakeLists.txt:26 (rosidl_generate_interfaces)
This warning is for project developers.  Use -Wno-dev to suppress it.
[0m
[33mCMake Warning (dev) at /opt/ros/foxy/share/python_cmake_module/cmake/Modules/FindPythonExtra.cmake:133 (find_package):
  Policy CMP0148 is not set: The FindPythonInterp and FindPythonLibs modules
  are removed.  Run "cmake --help-policy CMP0148" for policy details.  Use
  the cmake_policy command to set the policy and suppress this warning.

Call Stack (most recent call first):
  /opt/ros/foxy/share/rosidl_generator_py/cmake/rosidl_generator_py_generate_interfaces.cmake:23 (find_package)
  /opt/ros/foxy/share/ament_cmake_core/cmake/core/ament_execute_extensions.cmake:48 (include)
  /opt/ros/foxy/share/rosidl_cmake/cmake/rosidl_generate_interfaces.cmake:286 (ament_execute_extensions)
  CMakeLists.txt:26 (rosidl_generate_interfaces)
This warning is for project developers.  Use -Wno-dev to suppress it.
[0m
-- Using PYTHON_EXECUTABLE: /usr/bin/python3
-- Using PYTHON_INCLUDE_DIRS: /usr/include/python3.8
-- Using PYTHON_LIBRARIES: /usr/lib/x86_64-linux-gnu/libpython3.8.so
-- Found ament_lint_auto: 0.9.8 (/opt/ros/foxy/share/ament_lint_auto/cmake)
-- Added test 'copyright' to check source files copyright and LICENSE
-- Added test 'cppcheck' to perform static code analysis on C / C++ code
-- Configured cppcheck include dirs: 
-- Configured cppcheck exclude dirs and/or files: 
-- Added test 'cpplint' to check C / C++ code against the Google style
-- Configured cpplint exclude dirs and/or files: 
-- Added test 'lint_cmake' to check CMake code style
-- Added test 'uncrustify' to check C / C++ code style
-- Configured uncrustify additional arguments: 
-- Added test 'xmllint' to check XML markup files
-- Configuring done (0.9s)
-- Generating done (0.0s)
-- Build files have been written to: /home/jrlintern/Desktop/CNRS_AIST_Work/CNRS_AIST_Mobile_Shopping_Robot/robot_ws_ros2/build/c_pkg
[  2%] Built target c_pkg__cpp
[ 10%] Built target c_pkg__rosidl_generator_c
[ 18%] Built target c_pkg__rosidl_typesupport_c
[ 26%] Built target c_pkg__rosidl_typesupport_introspection_cpp
[ 34%] Built target c_pkg__rosidl_typesupport_cpp
[ 42%] Built target c_pkg__rosidl_typesupport_introspection_c
[ 50%] Built target c_pkg__rosidl_typesupport_fastrtps_cpp
[ 57%] Built target c_pkg__rosidl_typesupport_fastrtps_c
[ 57%] Built target c_pkg
[ 60%] Built target c_pkg__py
[ 63%] [32mBuilding CXX object CMakeFiles/bot_control_driver_node.dir/src/servo3moog.cpp.o[0m
[ 73%] Built target keyboard_control_node
[ 78%] Built target c_pkg__python
[ 94%] Built target c_pkg__rosidl_typesupport_c__pyext
[ 94%] Built target c_pkg__rosidl_typesupport_fastrtps_c__pyext
[ 94%] Built target c_pkg__rosidl_typesupport_introspection_c__pyext
[01m[K/home/jrlintern/Desktop/CNRS_AIST_Work/CNRS_AIST_Mobile_Shopping_Robot/robot_ws_ros2/src/c_pkg/src/servo3moog.cpp:[m[K In function â€˜[01m[Kint serial_receive(char*)[m[Kâ€™:
[01m[K/home/jrlintern/Desktop/CNRS_AIST_Work/CNRS_AIST_Mobile_Shopping_Robot/robot_ws_ros2/src/c_pkg/src/servo3moog.cpp:108:12:[m[K [01;35m[Kwarning: [m[Kcomparison is always false due to limited range of data type [[01;35m[K-Wtype-limits[m[K]
  108 |       if([01;35m[Kc > 0x80[m[K) {
      |          [01;35m[K~~^~~~~~[m[K
[01m[K/home/jrlintern/Desktop/CNRS_AIST_Work/CNRS_AIST_Mobile_Shopping_Robot/robot_ws_ros2/src/c_pkg/src/servo3moog.cpp:95:7:[m[K [01;35m[Kwarning: [m[Kunused variable â€˜[01m[Klen[m[Kâ€™ [[01;35m[K-Wunused-variable[m[K]
   95 |   int [01;35m[Klen[m[K=0;
      |       [01;35m[K^~~[m[K
[01m[K/home/jrlintern/Desktop/CNRS_AIST_Work/CNRS_AIST_Mobile_Shopping_Robot/robot_ws_ros2/src/c_pkg/src/servo3moog.cpp:[m[K In function â€˜[01m[Kvoid servoPos_loop(float)[m[Kâ€™:
[01m[K/home/jrlintern/Desktop/CNRS_AIST_Work/CNRS_AIST_Mobile_Shopping_Robot/robot_ws_ros2/src/c_pkg/src/servo3moog.cpp:211:27:[m[K [01;35m[Kwarning: [m[Kunused parameter â€˜[01m[Kcur_angarm[m[Kâ€™ [[01;35m[K-Wunused-parameter[m[K]
  211 | void servoPos_loop ([01;35m[Kfloat cur_angarm[m[K) {
      |                     [01;35m[K~~~~~~^~~~~~~~~~[m[K
[01m[K/home/jrlintern/Desktop/CNRS_AIST_Work/CNRS_AIST_Mobile_Shopping_Robot/robot_ws_ros2/src/c_pkg/src/servo3moog.cpp:[m[K In function â€˜[01m[Kfloat servo3motor_loop(float*, float*, float*)[m[Kâ€™:
[01m[K/home/jrlintern/Desktop/CNRS_AIST_Work/CNRS_AIST_Mobile_Shopping_Robot/robot_ws_ros2/src/c_pkg/src/servo3moog.cpp:250:7:[m[K [01;35m[Kwarning: [m[Kvariable â€˜[01m[Ktoobigacc[m[Kâ€™ set but not used [[01;35m[K-Wunused-but-set-variable[m[K]
  250 |   int [01;35m[Ktoobigacc[m[K = 0, moving_flag = 0;
      |       [01;35m[K^~~~~~~~~[m[K
[01m[K/home/jrlintern/Desktop/CNRS_AIST_Work/CNRS_AIST_Mobile_Shopping_Robot/robot_ws_ros2/src/c_pkg/src/servo3moog.cpp:244:82:[m[K [01;35m[Kwarning: [m[Kunused parameter â€˜[01m[Kreal_motor_rpm[m[Kâ€™ [[01;35m[K-Wunused-parameter[m[K]
  244 | float servo3motor_loop(float *rotor_rad_per_sec, float *target_motor_rpm, [01;35m[Kfloat *real_motor_rpm[m[K) {
      |                                                                           [01;35m[K~~~~~~~^~~~~~~~~~~~~~[m[K
[ 97%] [32m[1mLinking CXX executable bot_control_driver_node[0m
/usr/bin/ld: CMakeFiles/bot_control_driver_node.dir/src/servo3moog.cpp.o: in function `serial_send_command(int, char const*, float)':
servo3moog.cpp:(.text+0x29a): undefined reference to `millis()'
/usr/bin/ld: servo3moog.cpp:(.text+0x2c5): undefined reference to `millis()'
/usr/bin/ld: CMakeFiles/bot_control_driver_node.dir/src/servo3moog.cpp.o: in function `serial_receive(char*)':
servo3moog.cpp:(.text+0x332): undefined reference to `millis()'
/usr/bin/ld: servo3moog.cpp:(.text+0x36a): undefined reference to `millis()'
/usr/bin/ld: CMakeFiles/bot_control_driver_node.dir/src/servo3moog.cpp.o: in function `wake_moog()':
servo3moog.cpp:(.text+0x5f2): undefined reference to `motor_id'
/usr/bin/ld: servo3moog.cpp:(.text+0x648): undefined reference to `motor_id'
/usr/bin/ld: servo3moog.cpp:(.text+0x675): undefined reference to `motor_id'
/usr/bin/ld: CMakeFiles/bot_control_driver_node.dir/src/servo3moog.cpp.o: in function `minimum_rad_per_sec(int)':
servo3moog.cpp:(.text+0x8a8): undefined reference to `REDUCTION_RATIO'
/usr/bin/ld: CMakeFiles/bot_control_driver_node.dir/src/servo3moog.cpp.o: in function `restrict_rad_per_sec(float*)':
servo3moog.cpp:(.text+0x92c): undefined reference to `REDUCTION_RATIO'
/usr/bin/ld: CMakeFiles/bot_control_driver_node.dir/src/servo3moog.cpp.o: in function `servo3motor_loop(float*, float*, float*)':
servo3moog.cpp:(.text+0x9c9): undefined reference to `millis()'
/usr/bin/ld: servo3moog.cpp:(.text+0xa9c): undefined reference to `REDUCTION_RATIO'
/usr/bin/ld: servo3moog.cpp:(.text+0xbf0): undefined reference to `motor_id'
collect2: error: ld returned 1 exit status
make[2]: *** [CMakeFiles/bot_control_driver_node.dir/build.make:171: bot_control_driver_node] Error 1
make[1]: *** [CMakeFiles/Makefile2:574: CMakeFiles/bot_control_driver_node.dir/all] Error 2
make: *** [Makefile:146: all] Error 2
