[0.226s] Invoking command in '/home/jrlintern/Desktop/CNRS_AIST_Work/CNRS_AIST_Mobile_Shopping_Robot/robot_ws_ros2/build/c_pkg': CMAKE_PREFIX_PATH=${CMAKE_PREFIX_PATH}:/opt/ros/foxy /usr/bin/cmake --build /home/jrlintern/Desktop/CNRS_AIST_Work/CNRS_AIST_Mobile_Shopping_Robot/robot_ws_ros2/build/c_pkg -- -j8 -l8
[0.249s] -- Found ament_cmake: 0.9.12 (/opt/ros/foxy/share/ament_cmake/cmake)
[0.251s] [33mCMake Warning (dev) at /opt/ros/foxy/share/ament_cmake_core/cmake/core/python.cmake:22 (find_package):
[0.251s]   Policy CMP0148 is not set: The FindPythonInterp and FindPythonLibs modules
[0.251s]   are removed.  Run "cmake --help-policy CMP0148" for policy details.  Use
[0.251s]   the cmake_policy command to set the policy and suppress this warning.
[0.251s] 
[0.252s] Call Stack (most recent call first):
[0.252s]   /opt/ros/foxy/share/ament_cmake_core/cmake/core/all.cmake:53 (include)
[0.252s]   /opt/ros/foxy/share/ament_cmake_core/cmake/ament_cmake_core-extras.cmake:17 (include)
[0.252s]   /opt/ros/foxy/share/ament_cmake_core/cmake/ament_cmake_coreConfig.cmake:41 (include)
[0.252s]   /opt/ros/foxy/share/ament_cmake/cmake/ament_cmake_export_dependencies-extras.cmake:15 (find_package)
[0.252s]   /opt/ros/foxy/share/ament_cmake/cmake/ament_cmakeConfig.cmake:41 (include)
[0.252s]   CMakeLists.txt:19 (find_package)
[0.252s] This warning is for project developers.  Use -Wno-dev to suppress it.
[0.252s] [0m
[0.272s] -- Found PythonInterp: /usr/bin/python3 (found suitable version "3.8.10", minimum required is "3") 
[0.272s] -- Using PYTHON_EXECUTABLE: /usr/bin/python3
[0.463s] -- Found rclcpp: 2.4.3 (/opt/ros/foxy/share/rclcpp/cmake)
[0.495s] -- Using all available rosidl_typesupport_c: rosidl_typesupport_fastrtps_c;rosidl_typesupport_introspection_c
[0.497s] -- Found rosidl_adapter: 1.3.1 (/opt/ros/foxy/share/rosidl_adapter/cmake)
[0.624s] -- Using all available rosidl_typesupport_cpp: rosidl_typesupport_fastrtps_cpp;rosidl_typesupport_introspection_cpp
[0.668s] -- Found rmw_implementation_cmake: 1.0.4 (/opt/ros/foxy/share/rmw_implementation_cmake/cmake)
[0.669s] -- Using RMW implementation 'rmw_fastrtps_cpp' as default
[0.790s] -- Found rosidl_default_generators: 1.0.1 (/opt/ros/foxy/share/rosidl_default_generators/cmake)
[0.800s] [33mCMake Warning (dev) at /opt/ros/foxy/share/rosidl_adapter/cmake/rosidl_adapt_interfaces.cmake:40 (find_package):
[0.800s]   Policy CMP0148 is not set: The FindPythonInterp and FindPythonLibs modules
[0.800s]   are removed.  Run "cmake --help-policy CMP0148" for policy details.  Use
[0.800s]   the cmake_policy command to set the policy and suppress this warning.
[0.800s] 
[0.800s] Call Stack (most recent call first):
[0.800s]   /opt/ros/foxy/share/rosidl_cmake/cmake/rosidl_generate_interfaces.cmake:130 (rosidl_adapt_interfaces)
[0.800s]   CMakeLists.txt:26 (rosidl_generate_interfaces)
[0.800s] This warning is for project developers.  Use -Wno-dev to suppress it.
[0.800s] [0m
[0.820s] -- Found PythonInterp: /usr/bin/python3 (found version "3.8.10") 
[0.926s] [33mCMake Warning (dev) at /home/jrlintern/Desktop/CNRS_AIST_Work/CNRS_AIST_Mobile_Shopping_Robot/robot_ws_ros2/build/c_pkg/ament_cmake_core/package.cmake:4:
[0.927s]   Syntax Warning in cmake code at column 27
[0.927s] 
[0.927s]   Argument not separated from preceding token by whitespace.
[0.927s] Call Stack (most recent call first):
[0.927s]   /opt/ros/foxy/share/ament_cmake_core/cmake/core/ament_package_xml.cmake:99 (include)
[0.927s]   /opt/ros/foxy/share/ament_cmake_core/cmake/core/ament_package_xml.cmake:49 (_ament_package_xml)
[0.927s]   /opt/ros/foxy/share/rosidl_cmake/cmake/rosidl_generate_interfaces.cmake:226 (ament_package_xml)
[0.928s]   CMakeLists.txt:26 (rosidl_generate_interfaces)
[0.928s] This warning is for project developers.  Use -Wno-dev to suppress it.
[0.928s] [0m
[0.928s] [33mCMake Warning (dev) at /home/jrlintern/Desktop/CNRS_AIST_Work/CNRS_AIST_Mobile_Shopping_Robot/robot_ws_ros2/build/c_pkg/ament_cmake_core/package.cmake:4:
[0.928s]   Syntax Warning in cmake code at column 38
[0.928s] 
[0.928s]   Argument not separated from preceding token by whitespace.
[0.928s] Call Stack (most recent call first):
[0.928s]   /opt/ros/foxy/share/ament_cmake_core/cmake/core/ament_package_xml.cmake:99 (include)
[0.929s]   /opt/ros/foxy/share/ament_cmake_core/cmake/core/ament_package_xml.cmake:49 (_ament_package_xml)
[0.929s]   /opt/ros/foxy/share/rosidl_cmake/cmake/rosidl_generate_interfaces.cmake:226 (ament_package_xml)
[0.929s]   CMakeLists.txt:26 (rosidl_generate_interfaces)
[0.929s] This warning is for project developers.  Use -Wno-dev to suppress it.
[0.929s] [0m
[0.929s] [33mCMake Warning (dev) at /home/jrlintern/Desktop/CNRS_AIST_Work/CNRS_AIST_Mobile_Shopping_Robot/robot_ws_ros2/build/c_pkg/ament_cmake_core/package.cmake:6:
[0.929s]   Syntax Warning in cmake code at column 34
[0.929s] 
[0.929s]   Argument not separated from preceding token by whitespace.
[0.929s] Call Stack (most recent call first):
[0.929s]   /opt/ros/foxy/share/ament_cmake_core/cmake/core/ament_package_xml.cmake:99 (include)
[0.929s]   /opt/ros/foxy/share/ament_cmake_core/cmake/core/ament_package_xml.cmake:49 (_ament_package_xml)
[0.930s]   /opt/ros/foxy/share/rosidl_cmake/cmake/rosidl_generate_interfaces.cmake:226 (ament_package_xml)
[0.930s]   CMakeLists.txt:26 (rosidl_generate_interfaces)
[0.930s] This warning is for project developers.  Use -Wno-dev to suppress it.
[0.930s] [0m
[0.930s] [33mCMake Warning (dev) at /home/jrlintern/Desktop/CNRS_AIST_Work/CNRS_AIST_Mobile_Shopping_Robot/robot_ws_ros2/build/c_pkg/ament_cmake_core/package.cmake:6:
[0.930s]   Syntax Warning in cmake code at column 45
[0.930s] 
[0.930s]   Argument not separated from preceding token by whitespace.
[0.930s] Call Stack (most recent call first):
[0.930s]   /opt/ros/foxy/share/ament_cmake_core/cmake/core/ament_package_xml.cmake:99 (include)
[0.930s]   /opt/ros/foxy/share/ament_cmake_core/cmake/core/ament_package_xml.cmake:49 (_ament_package_xml)
[0.930s]   /opt/ros/foxy/share/rosidl_cmake/cmake/rosidl_generate_interfaces.cmake:226 (ament_package_xml)
[0.930s]   CMakeLists.txt:26 (rosidl_generate_interfaces)
[0.930s] This warning is for project developers.  Use -Wno-dev to suppress it.
[0.930s] [0m
[0.930s] [33mCMake Warning (dev) at /home/jrlintern/Desktop/CNRS_AIST_Work/CNRS_AIST_Mobile_Shopping_Robot/robot_ws_ros2/build/c_pkg/ament_cmake_core/package.cmake:8:
[0.931s]   Syntax Warning in cmake code at column 51
[0.931s] 
[0.931s]   Argument not separated from preceding token by whitespace.
[0.931s] Call Stack (most recent call first):
[0.931s]   /opt/ros/foxy/share/ament_cmake_core/cmake/core/ament_package_xml.cmake:99 (include)
[0.931s]   /opt/ros/foxy/share/ament_cmake_core/cmake/core/ament_package_xml.cmake:49 (_ament_package_xml)
[0.931s]   /opt/ros/foxy/share/rosidl_cmake/cmake/rosidl_generate_interfaces.cmake:226 (ament_package_xml)
[0.931s]   CMakeLists.txt:26 (rosidl_generate_interfaces)
[0.931s] This warning is for project developers.  Use -Wno-dev to suppress it.
[0.931s] [0m
[0.931s] [33mCMake Warning (dev) at /home/jrlintern/Desktop/CNRS_AIST_Work/CNRS_AIST_Mobile_Shopping_Robot/robot_ws_ros2/build/c_pkg/ament_cmake_core/package.cmake:8:
[0.931s]   Syntax Warning in cmake code at column 62
[0.931s] 
[0.931s]   Argument not separated from preceding token by whitespace.
[0.931s] Call Stack (most recent call first):
[0.932s]   /opt/ros/foxy/share/ament_cmake_core/cmake/core/ament_package_xml.cmake:99 (include)
[0.932s]   /opt/ros/foxy/share/ament_cmake_core/cmake/core/ament_package_xml.cmake:49 (_ament_package_xml)
[0.932s]   /opt/ros/foxy/share/rosidl_cmake/cmake/rosidl_generate_interfaces.cmake:226 (ament_package_xml)
[0.932s]   CMakeLists.txt:26 (rosidl_generate_interfaces)
[0.932s] This warning is for project developers.  Use -Wno-dev to suppress it.
[0.932s] [0m
[0.932s] -- Found ament_cmake_ros: 0.9.2 (/opt/ros/foxy/share/ament_cmake_ros/cmake)
[1.032s] -- Using all available rosidl_typesupport_c: rosidl_typesupport_fastrtps_c;rosidl_typesupport_introspection_c
[1.038s] -- Using all available rosidl_typesupport_cpp: rosidl_typesupport_fastrtps_cpp;rosidl_typesupport_introspection_cpp
[1.040s] [33mCMake Warning (dev) at /opt/ros/foxy/share/rosidl_generator_py/cmake/rosidl_generator_py_generate_interfaces.cmake:20 (find_package):
[1.040s]   Policy CMP0148 is not set: The FindPythonInterp and FindPythonLibs modules
[1.040s]   are removed.  Run "cmake --help-policy CMP0148" for policy details.  Use
[1.040s]   the cmake_policy command to set the policy and suppress this warning.
[1.040s] 
[1.040s] Call Stack (most recent call first):
[1.040s]   /opt/ros/foxy/share/ament_cmake_core/cmake/core/ament_execute_extensions.cmake:48 (include)
[1.040s]   /opt/ros/foxy/share/rosidl_cmake/cmake/rosidl_generate_interfaces.cmake:286 (ament_execute_extensions)
[1.040s]   CMakeLists.txt:26 (rosidl_generate_interfaces)
[1.041s] This warning is for project developers.  Use -Wno-dev to suppress it.
[1.041s] [0m
[1.069s] -- Found PythonInterp: /usr/bin/python3 (found suitable version "3.8.10", minimum required is "3.5") 
[1.069s] -- Found python_cmake_module: 0.8.1 (/opt/ros/foxy/share/python_cmake_module/cmake)
[1.070s] [33mCMake Warning (dev) at /opt/ros/foxy/share/python_cmake_module/cmake/Modules/FindPythonExtra.cmake:45 (find_package):
[1.070s]   Policy CMP0148 is not set: The FindPythonInterp and FindPythonLibs modules
[1.070s]   are removed.  Run "cmake --help-policy CMP0148" for policy details.  Use
[1.070s]   the cmake_policy command to set the policy and suppress this warning.
[1.070s] 
[1.070s] Call Stack (most recent call first):
[1.070s]   /opt/ros/foxy/share/rosidl_generator_py/cmake/rosidl_generator_py_generate_interfaces.cmake:23 (find_package)
[1.070s]   /opt/ros/foxy/share/ament_cmake_core/cmake/core/ament_execute_extensions.cmake:48 (include)
[1.070s]   /opt/ros/foxy/share/rosidl_cmake/cmake/rosidl_generate_interfaces.cmake:286 (ament_execute_extensions)
[1.070s]   CMakeLists.txt:26 (rosidl_generate_interfaces)
[1.070s] This warning is for project developers.  Use -Wno-dev to suppress it.
[1.070s] [0m
[1.092s] [33mCMake Warning (dev) at /opt/ros/foxy/share/python_cmake_module/cmake/Modules/FindPythonExtra.cmake:133 (find_package):
[1.092s]   Policy CMP0148 is not set: The FindPythonInterp and FindPythonLibs modules
[1.092s]   are removed.  Run "cmake --help-policy CMP0148" for policy details.  Use
[1.092s]   the cmake_policy command to set the policy and suppress this warning.
[1.092s] 
[1.092s] Call Stack (most recent call first):
[1.092s]   /opt/ros/foxy/share/rosidl_generator_py/cmake/rosidl_generator_py_generate_interfaces.cmake:23 (find_package)
[1.092s]   /opt/ros/foxy/share/ament_cmake_core/cmake/core/ament_execute_extensions.cmake:48 (include)
[1.092s]   /opt/ros/foxy/share/rosidl_cmake/cmake/rosidl_generate_interfaces.cmake:286 (ament_execute_extensions)
[1.092s]   CMakeLists.txt:26 (rosidl_generate_interfaces)
[1.092s] This warning is for project developers.  Use -Wno-dev to suppress it.
[1.092s] [0m
[1.093s] -- Using PYTHON_EXECUTABLE: /usr/bin/python3
[1.093s] -- Using PYTHON_INCLUDE_DIRS: /usr/include/python3.8
[1.093s] -- Using PYTHON_LIBRARIES: /usr/lib/x86_64-linux-gnu/libpython3.8.so
[1.116s] -- Found ament_lint_auto: 0.9.8 (/opt/ros/foxy/share/ament_lint_auto/cmake)
[1.126s] -- Added test 'copyright' to check source files copyright and LICENSE
[1.127s] -- Added test 'cppcheck' to perform static code analysis on C / C++ code
[1.128s] -- Configured cppcheck include dirs: 
[1.128s] -- Configured cppcheck exclude dirs and/or files: 
[1.130s] -- Added test 'cpplint' to check C / C++ code against the Google style
[1.130s] -- Configured cpplint exclude dirs and/or files: 
[1.131s] -- Added test 'lint_cmake' to check CMake code style
[1.132s] -- Added test 'uncrustify' to check C / C++ code style
[1.132s] -- Configured uncrustify additional arguments: 
[1.133s] -- Added test 'xmllint' to check XML markup files
[1.135s] -- Configuring done (0.9s)
[1.180s] -- Generating done (0.0s)
[1.184s] -- Build files have been written to: /home/jrlintern/Desktop/CNRS_AIST_Work/CNRS_AIST_Mobile_Shopping_Robot/robot_ws_ros2/build/c_pkg
[1.207s] [  2%] Built target c_pkg__cpp
[1.208s] [ 10%] Built target c_pkg__rosidl_generator_c
[1.220s] [ 18%] Built target c_pkg__rosidl_typesupport_c
[1.221s] [ 26%] Built target c_pkg__rosidl_typesupport_introspection_cpp
[1.222s] [ 34%] Built target c_pkg__rosidl_typesupport_cpp
[1.223s] [ 42%] Built target c_pkg__rosidl_typesupport_introspection_c
[1.223s] [ 50%] Built target c_pkg__rosidl_typesupport_fastrtps_cpp
[1.237s] [ 57%] Built target c_pkg__rosidl_typesupport_fastrtps_c
[1.249s] [ 57%] Built target c_pkg
[1.260s] [ 60%] Built target c_pkg__py
[1.268s] [ 63%] [32mBuilding CXX object CMakeFiles/bot_control_driver_node.dir/src/servo3moog.cpp.o[0m
[1.269s] [ 73%] Built target keyboard_control_node
[1.274s] [ 78%] Built target c_pkg__python
[1.288s] [ 94%] Built target c_pkg__rosidl_typesupport_c__pyext
[1.288s] [ 94%] Built target c_pkg__rosidl_typesupport_fastrtps_c__pyext
[1.288s] [ 94%] Built target c_pkg__rosidl_typesupport_introspection_c__pyext
[1.326s] [01m[K/home/jrlintern/Desktop/CNRS_AIST_Work/CNRS_AIST_Mobile_Shopping_Robot/robot_ws_ros2/src/c_pkg/src/servo3moog.cpp:[m[K In function â€˜[01m[Kint serial_receive(char*)[m[Kâ€™:
[1.326s] [01m[K/home/jrlintern/Desktop/CNRS_AIST_Work/CNRS_AIST_Mobile_Shopping_Robot/robot_ws_ros2/src/c_pkg/src/servo3moog.cpp:108:12:[m[K [01;35m[Kwarning: [m[Kcomparison is always false due to limited range of data type [[01;35m[K-Wtype-limits[m[K]
[1.326s]   108 |       if([01;35m[Kc > 0x80[m[K) {
[1.326s]       |          [01;35m[K~~^~~~~~[m[K
[1.326s] [01m[K/home/jrlintern/Desktop/CNRS_AIST_Work/CNRS_AIST_Mobile_Shopping_Robot/robot_ws_ros2/src/c_pkg/src/servo3moog.cpp:95:7:[m[K [01;35m[Kwarning: [m[Kunused variable â€˜[01m[Klen[m[Kâ€™ [[01;35m[K-Wunused-variable[m[K]
[1.326s]    95 |   int [01;35m[Klen[m[K=0;
[1.326s]       |       [01;35m[K^~~[m[K
[1.327s] [01m[K/home/jrlintern/Desktop/CNRS_AIST_Work/CNRS_AIST_Mobile_Shopping_Robot/robot_ws_ros2/src/c_pkg/src/servo3moog.cpp:[m[K In function â€˜[01m[Kvoid servoPos_loop(float)[m[Kâ€™:
[1.327s] [01m[K/home/jrlintern/Desktop/CNRS_AIST_Work/CNRS_AIST_Mobile_Shopping_Robot/robot_ws_ros2/src/c_pkg/src/servo3moog.cpp:211:27:[m[K [01;35m[Kwarning: [m[Kunused parameter â€˜[01m[Kcur_angarm[m[Kâ€™ [[01;35m[K-Wunused-parameter[m[K]
[1.327s]   211 | void servoPos_loop ([01;35m[Kfloat cur_angarm[m[K) {
[1.327s]       |                     [01;35m[K~~~~~~^~~~~~~~~~[m[K
[1.328s] [01m[K/home/jrlintern/Desktop/CNRS_AIST_Work/CNRS_AIST_Mobile_Shopping_Robot/robot_ws_ros2/src/c_pkg/src/servo3moog.cpp:[m[K In function â€˜[01m[Kfloat servo3motor_loop(float*, float*, float*)[m[Kâ€™:
[1.328s] [01m[K/home/jrlintern/Desktop/CNRS_AIST_Work/CNRS_AIST_Mobile_Shopping_Robot/robot_ws_ros2/src/c_pkg/src/servo3moog.cpp:250:7:[m[K [01;35m[Kwarning: [m[Kvariable â€˜[01m[Ktoobigacc[m[Kâ€™ set but not used [[01;35m[K-Wunused-but-set-variable[m[K]
[1.328s]   250 |   int [01;35m[Ktoobigacc[m[K = 0, moving_flag = 0;
[1.328s]       |       [01;35m[K^~~~~~~~~[m[K
[1.328s] [01m[K/home/jrlintern/Desktop/CNRS_AIST_Work/CNRS_AIST_Mobile_Shopping_Robot/robot_ws_ros2/src/c_pkg/src/servo3moog.cpp:244:82:[m[K [01;35m[Kwarning: [m[Kunused parameter â€˜[01m[Kreal_motor_rpm[m[Kâ€™ [[01;35m[K-Wunused-parameter[m[K]
[1.328s]   244 | float servo3motor_loop(float *rotor_rad_per_sec, float *target_motor_rpm, [01;35m[Kfloat *real_motor_rpm[m[K) {
[1.328s]       |                                                                           [01;35m[K~~~~~~~^~~~~~~~~~~~~~[m[K
[1.357s] [ 97%] [32m[1mLinking CXX executable bot_control_driver_node[0m
[1.592s] /usr/bin/ld: CMakeFiles/bot_control_driver_node.dir/src/servo3moog.cpp.o: in function `serial_send_command(int, char const*, float)':
[1.592s] servo3moog.cpp:(.text+0x29a): undefined reference to `millis()'
[1.592s] /usr/bin/ld: servo3moog.cpp:(.text+0x2c5): undefined reference to `millis()'
[1.593s] /usr/bin/ld: CMakeFiles/bot_control_driver_node.dir/src/servo3moog.cpp.o: in function `serial_receive(char*)':
[1.593s] servo3moog.cpp:(.text+0x332): undefined reference to `millis()'
[1.593s] /usr/bin/ld: servo3moog.cpp:(.text+0x36a): undefined reference to `millis()'
[1.593s] /usr/bin/ld: CMakeFiles/bot_control_driver_node.dir/src/servo3moog.cpp.o: in function `wake_moog()':
[1.593s] servo3moog.cpp:(.text+0x5f2): undefined reference to `motor_id'
[1.593s] /usr/bin/ld: servo3moog.cpp:(.text+0x648): undefined reference to `motor_id'
[1.593s] /usr/bin/ld: servo3moog.cpp:(.text+0x675): undefined reference to `motor_id'
[1.593s] /usr/bin/ld: CMakeFiles/bot_control_driver_node.dir/src/servo3moog.cpp.o: in function `minimum_rad_per_sec(int)':
[1.593s] servo3moog.cpp:(.text+0x8a8): undefined reference to `REDUCTION_RATIO'
[1.593s] /usr/bin/ld: CMakeFiles/bot_control_driver_node.dir/src/servo3moog.cpp.o: in function `restrict_rad_per_sec(float*)':
[1.593s] servo3moog.cpp:(.text+0x92c): undefined reference to `REDUCTION_RATIO'
[1.594s] /usr/bin/ld: CMakeFiles/bot_control_driver_node.dir/src/servo3moog.cpp.o: in function `servo3motor_loop(float*, float*, float*)':
[1.594s] servo3moog.cpp:(.text+0x9c9): undefined reference to `millis()'
[1.594s] /usr/bin/ld: servo3moog.cpp:(.text+0xa9c): undefined reference to `REDUCTION_RATIO'
[1.594s] /usr/bin/ld: servo3moog.cpp:(.text+0xbf0): undefined reference to `motor_id'
[1.594s] collect2: error: ld returned 1 exit status
[1.594s] make[2]: *** [CMakeFiles/bot_control_driver_node.dir/build.make:171: bot_control_driver_node] Error 1
[1.594s] make[1]: *** [CMakeFiles/Makefile2:574: CMakeFiles/bot_control_driver_node.dir/all] Error 2
[1.594s] make: *** [Makefile:146: all] Error 2
[1.596s] Invoked command in '/home/jrlintern/Desktop/CNRS_AIST_Work/CNRS_AIST_Mobile_Shopping_Robot/robot_ws_ros2/build/c_pkg' returned '2': CMAKE_PREFIX_PATH=${CMAKE_PREFIX_PATH}:/opt/ros/foxy /usr/bin/cmake --build /home/jrlintern/Desktop/CNRS_AIST_Work/CNRS_AIST_Mobile_Shopping_Robot/robot_ws_ros2/build/c_pkg -- -j8 -l8
