Start testing: Nov 14 11:13 JST
----------------------------------------------------------
1/6 Testing: copyright
1/6 Test: copyright
Command: "/usr/bin/python3" "-u" "/opt/ros/foxy/share/ament_cmake_test/cmake/run_test.py" "/home/jrlintern/Desktop/CNRS_AIST_Work/CNRS_AIST_Mobile_Shopping_Robot/robot_ws_ros2/build/examples_rclcpp_minimal_service/test_results/examples_rclcpp_minimal_service/copyright.xunit.xml" "--package-name" "examples_rclcpp_minimal_service" "--output-file" "/home/jrlintern/Desktop/CNRS_AIST_Work/CNRS_AIST_Mobile_Shopping_Robot/robot_ws_ros2/build/examples_rclcpp_minimal_service/ament_copyright/copyright.txt" "--command" "/opt/ros/foxy/bin/ament_copyright" "--xunit-file" "/home/jrlintern/Desktop/CNRS_AIST_Work/CNRS_AIST_Mobile_Shopping_Robot/robot_ws_ros2/build/examples_rclcpp_minimal_service/test_results/examples_rclcpp_minimal_service/copyright.xunit.xml"
Directory: /home/jrlintern/Desktop/CNRS_AIST_Work/CNRS_AIST_Mobile_Shopping_Robot/robot_ws_ros2/src/examples/rclcpp/services/minimal_service
"copyright" start time: Nov 14 11:13 JST
Output:
----------------------------------------------------------
-- run_test.py: invoking following command in '/home/jrlintern/Desktop/CNRS_AIST_Work/CNRS_AIST_Mobile_Shopping_Robot/robot_ws_ros2/src/examples/rclcpp/services/minimal_service':
 - /opt/ros/foxy/bin/ament_copyright --xunit-file /home/jrlintern/Desktop/CNRS_AIST_Work/CNRS_AIST_Mobile_Shopping_Robot/robot_ws_ros2/build/examples_rclcpp_minimal_service/test_results/examples_rclcpp_minimal_service/copyright.xunit.xml
No problems found, checked 1 files
-- run_test.py: return code 0
-- run_test.py: verify result file '/home/jrlintern/Desktop/CNRS_AIST_Work/CNRS_AIST_Mobile_Shopping_Robot/robot_ws_ros2/build/examples_rclcpp_minimal_service/test_results/examples_rclcpp_minimal_service/copyright.xunit.xml'
<end of output>
Test time =   0.54 sec
----------------------------------------------------------
Test Passed.
"copyright" end time: Nov 14 11:13 JST
"copyright" time elapsed: 00:00:00
----------------------------------------------------------

2/6 Testing: cppcheck
2/6 Test: cppcheck
Command: "/usr/bin/python3" "-u" "/opt/ros/foxy/share/ament_cmake_test/cmake/run_test.py" "/home/jrlintern/Desktop/CNRS_AIST_Work/CNRS_AIST_Mobile_Shopping_Robot/robot_ws_ros2/build/examples_rclcpp_minimal_service/test_results/examples_rclcpp_minimal_service/cppcheck.xunit.xml" "--package-name" "examples_rclcpp_minimal_service" "--output-file" "/home/jrlintern/Desktop/CNRS_AIST_Work/CNRS_AIST_Mobile_Shopping_Robot/robot_ws_ros2/build/examples_rclcpp_minimal_service/ament_cppcheck/cppcheck.txt" "--command" "/opt/ros/foxy/bin/ament_cppcheck" "--xunit-file" "/home/jrlintern/Desktop/CNRS_AIST_Work/CNRS_AIST_Mobile_Shopping_Robot/robot_ws_ros2/build/examples_rclcpp_minimal_service/test_results/examples_rclcpp_minimal_service/cppcheck.xunit.xml"
Directory: /home/jrlintern/Desktop/CNRS_AIST_Work/CNRS_AIST_Mobile_Shopping_Robot/robot_ws_ros2/src/examples/rclcpp/services/minimal_service
"cppcheck" start time: Nov 14 11:13 JST
Output:
----------------------------------------------------------
-- run_test.py: invoking following command in '/home/jrlintern/Desktop/CNRS_AIST_Work/CNRS_AIST_Mobile_Shopping_Robot/robot_ws_ros2/src/examples/rclcpp/services/minimal_service':
 - /opt/ros/foxy/bin/ament_cppcheck --xunit-file /home/jrlintern/Desktop/CNRS_AIST_Work/CNRS_AIST_Mobile_Shopping_Robot/robot_ws_ros2/build/examples_rclcpp_minimal_service/test_results/examples_rclcpp_minimal_service/cppcheck.xunit.xml
No problems found
-- run_test.py: return code 0
-- run_test.py: verify result file '/home/jrlintern/Desktop/CNRS_AIST_Work/CNRS_AIST_Mobile_Shopping_Robot/robot_ws_ros2/build/examples_rclcpp_minimal_service/test_results/examples_rclcpp_minimal_service/cppcheck.xunit.xml'
<end of output>
Test time =   0.59 sec
----------------------------------------------------------
Test Passed.
"cppcheck" end time: Nov 14 11:13 JST
"cppcheck" time elapsed: 00:00:00
----------------------------------------------------------

3/6 Testing: cpplint
3/6 Test: cpplint
Command: "/usr/bin/python3" "-u" "/opt/ros/foxy/share/ament_cmake_test/cmake/run_test.py" "/home/jrlintern/Desktop/CNRS_AIST_Work/CNRS_AIST_Mobile_Shopping_Robot/robot_ws_ros2/build/examples_rclcpp_minimal_service/test_results/examples_rclcpp_minimal_service/cpplint.xunit.xml" "--package-name" "examples_rclcpp_minimal_service" "--output-file" "/home/jrlintern/Desktop/CNRS_AIST_Work/CNRS_AIST_Mobile_Shopping_Robot/robot_ws_ros2/build/examples_rclcpp_minimal_service/ament_cpplint/cpplint.txt" "--command" "/opt/ros/foxy/bin/ament_cpplint" "--xunit-file" "/home/jrlintern/Desktop/CNRS_AIST_Work/CNRS_AIST_Mobile_Shopping_Robot/robot_ws_ros2/build/examples_rclcpp_minimal_service/test_results/examples_rclcpp_minimal_service/cpplint.xunit.xml"
Directory: /home/jrlintern/Desktop/CNRS_AIST_Work/CNRS_AIST_Mobile_Shopping_Robot/robot_ws_ros2/src/examples/rclcpp/services/minimal_service
"cpplint" start time: Nov 14 11:13 JST
Output:
----------------------------------------------------------
-- run_test.py: invoking following command in '/home/jrlintern/Desktop/CNRS_AIST_Work/CNRS_AIST_Mobile_Shopping_Robot/robot_ws_ros2/src/examples/rclcpp/services/minimal_service':
 - /opt/ros/foxy/bin/ament_cpplint --xunit-file /home/jrlintern/Desktop/CNRS_AIST_Work/CNRS_AIST_Mobile_Shopping_Robot/robot_ws_ros2/build/examples_rclcpp_minimal_service/test_results/examples_rclcpp_minimal_service/cpplint.xunit.xml
Using '--root=..' argument

Done processing /home/jrlintern/Desktop/CNRS_AIST_Work/CNRS_AIST_Mobile_Shopping_Robot/robot_ws_ros2/src/examples/rclcpp/services/minimal_service/main.cpp

No problems found
-- run_test.py: return code 0
-- run_test.py: verify result file '/home/jrlintern/Desktop/CNRS_AIST_Work/CNRS_AIST_Mobile_Shopping_Robot/robot_ws_ros2/build/examples_rclcpp_minimal_service/test_results/examples_rclcpp_minimal_service/cpplint.xunit.xml'
<end of output>
Test time =   0.66 sec
----------------------------------------------------------
Test Passed.
"cpplint" end time: Nov 14 11:13 JST
"cpplint" time elapsed: 00:00:00
----------------------------------------------------------

4/6 Testing: lint_cmake
4/6 Test: lint_cmake
Command: "/usr/bin/python3" "-u" "/opt/ros/foxy/share/ament_cmake_test/cmake/run_test.py" "/home/jrlintern/Desktop/CNRS_AIST_Work/CNRS_AIST_Mobile_Shopping_Robot/robot_ws_ros2/build/examples_rclcpp_minimal_service/test_results/examples_rclcpp_minimal_service/lint_cmake.xunit.xml" "--package-name" "examples_rclcpp_minimal_service" "--output-file" "/home/jrlintern/Desktop/CNRS_AIST_Work/CNRS_AIST_Mobile_Shopping_Robot/robot_ws_ros2/build/examples_rclcpp_minimal_service/ament_lint_cmake/lint_cmake.txt" "--command" "/opt/ros/foxy/bin/ament_lint_cmake" "--xunit-file" "/home/jrlintern/Desktop/CNRS_AIST_Work/CNRS_AIST_Mobile_Shopping_Robot/robot_ws_ros2/build/examples_rclcpp_minimal_service/test_results/examples_rclcpp_minimal_service/lint_cmake.xunit.xml"
Directory: /home/jrlintern/Desktop/CNRS_AIST_Work/CNRS_AIST_Mobile_Shopping_Robot/robot_ws_ros2/src/examples/rclcpp/services/minimal_service
"lint_cmake" start time: Nov 14 11:13 JST
Output:
----------------------------------------------------------
-- run_test.py: invoking following command in '/home/jrlintern/Desktop/CNRS_AIST_Work/CNRS_AIST_Mobile_Shopping_Robot/robot_ws_ros2/src/examples/rclcpp/services/minimal_service':
 - /opt/ros/foxy/bin/ament_lint_cmake --xunit-file /home/jrlintern/Desktop/CNRS_AIST_Work/CNRS_AIST_Mobile_Shopping_Robot/robot_ws_ros2/build/examples_rclcpp_minimal_service/test_results/examples_rclcpp_minimal_service/lint_cmake.xunit.xml

No problems found
-- run_test.py: return code 0
-- run_test.py: verify result file '/home/jrlintern/Desktop/CNRS_AIST_Work/CNRS_AIST_Mobile_Shopping_Robot/robot_ws_ros2/build/examples_rclcpp_minimal_service/test_results/examples_rclcpp_minimal_service/lint_cmake.xunit.xml'
<end of output>
Test time =   0.85 sec
----------------------------------------------------------
Test Passed.
"lint_cmake" end time: Nov 14 11:13 JST
"lint_cmake" time elapsed: 00:00:00
----------------------------------------------------------

5/6 Testing: uncrustify
5/6 Test: uncrustify
Command: "/usr/bin/python3" "-u" "/opt/ros/foxy/share/ament_cmake_test/cmake/run_test.py" "/home/jrlintern/Desktop/CNRS_AIST_Work/CNRS_AIST_Mobile_Shopping_Robot/robot_ws_ros2/build/examples_rclcpp_minimal_service/test_results/examples_rclcpp_minimal_service/uncrustify.xunit.xml" "--package-name" "examples_rclcpp_minimal_service" "--output-file" "/home/jrlintern/Desktop/CNRS_AIST_Work/CNRS_AIST_Mobile_Shopping_Robot/robot_ws_ros2/build/examples_rclcpp_minimal_service/ament_uncrustify/uncrustify.txt" "--command" "/opt/ros/foxy/bin/ament_uncrustify" "--xunit-file" "/home/jrlintern/Desktop/CNRS_AIST_Work/CNRS_AIST_Mobile_Shopping_Robot/robot_ws_ros2/build/examples_rclcpp_minimal_service/test_results/examples_rclcpp_minimal_service/uncrustify.xunit.xml"
Directory: /home/jrlintern/Desktop/CNRS_AIST_Work/CNRS_AIST_Mobile_Shopping_Robot/robot_ws_ros2/src/examples/rclcpp/services/minimal_service
"uncrustify" start time: Nov 14 11:13 JST
Output:
----------------------------------------------------------
-- run_test.py: invoking following command in '/home/jrlintern/Desktop/CNRS_AIST_Work/CNRS_AIST_Mobile_Shopping_Robot/robot_ws_ros2/src/examples/rclcpp/services/minimal_service':
 - /opt/ros/foxy/bin/ament_uncrustify --xunit-file /home/jrlintern/Desktop/CNRS_AIST_Work/CNRS_AIST_Mobile_Shopping_Robot/robot_ws_ros2/build/examples_rclcpp_minimal_service/test_results/examples_rclcpp_minimal_service/uncrustify.xunit.xml
No code style divergence in file 'main.cpp'

No problems found
-- run_test.py: return code 0
-- run_test.py: verify result file '/home/jrlintern/Desktop/CNRS_AIST_Work/CNRS_AIST_Mobile_Shopping_Robot/robot_ws_ros2/build/examples_rclcpp_minimal_service/test_results/examples_rclcpp_minimal_service/uncrustify.xunit.xml'
<end of output>
Test time =   0.84 sec
----------------------------------------------------------
Test Passed.
"uncrustify" end time: Nov 14 11:13 JST
"uncrustify" time elapsed: 00:00:00
----------------------------------------------------------

6/6 Testing: xmllint
6/6 Test: xmllint
Command: "/usr/bin/python3" "-u" "/opt/ros/foxy/share/ament_cmake_test/cmake/run_test.py" "/home/jrlintern/Desktop/CNRS_AIST_Work/CNRS_AIST_Mobile_Shopping_Robot/robot_ws_ros2/build/examples_rclcpp_minimal_service/test_results/examples_rclcpp_minimal_service/xmllint.xunit.xml" "--package-name" "examples_rclcpp_minimal_service" "--output-file" "/home/jrlintern/Desktop/CNRS_AIST_Work/CNRS_AIST_Mobile_Shopping_Robot/robot_ws_ros2/build/examples_rclcpp_minimal_service/ament_xmllint/xmllint.txt" "--command" "/opt/ros/foxy/bin/ament_xmllint" "--xunit-file" "/home/jrlintern/Desktop/CNRS_AIST_Work/CNRS_AIST_Mobile_Shopping_Robot/robot_ws_ros2/build/examples_rclcpp_minimal_service/test_results/examples_rclcpp_minimal_service/xmllint.xunit.xml"
Directory: /home/jrlintern/Desktop/CNRS_AIST_Work/CNRS_AIST_Mobile_Shopping_Robot/robot_ws_ros2/src/examples/rclcpp/services/minimal_service
"xmllint" start time: Nov 14 11:13 JST
Output:
----------------------------------------------------------
-- run_test.py: invoking following command in '/home/jrlintern/Desktop/CNRS_AIST_Work/CNRS_AIST_Mobile_Shopping_Robot/robot_ws_ros2/src/examples/rclcpp/services/minimal_service':
 - /opt/ros/foxy/bin/ament_xmllint --xunit-file /home/jrlintern/Desktop/CNRS_AIST_Work/CNRS_AIST_Mobile_Shopping_Robot/robot_ws_ros2/build/examples_rclcpp_minimal_service/test_results/examples_rclcpp_minimal_service/xmllint.xunit.xml
File 'package.xml' is valid

No problems found
-- run_test.py: return code 0
-- run_test.py: verify result file '/home/jrlintern/Desktop/CNRS_AIST_Work/CNRS_AIST_Mobile_Shopping_Robot/robot_ws_ros2/build/examples_rclcpp_minimal_service/test_results/examples_rclcpp_minimal_service/xmllint.xunit.xml'
<end of output>
Test time =   1.40 sec
----------------------------------------------------------
Test Passed.
"xmllint" end time: Nov 14 11:13 JST
"xmllint" time elapsed: 00:00:01
----------------------------------------------------------

End testing: Nov 14 11:13 JST

copyright =   0.54 sec*proc

cppcheck =   0.59 sec*proc

cpplint =   0.66 sec*proc

lint_cmake =   0.85 sec*proc

linter =   4.88 sec*proc

uncrustify =   0.84 sec*proc

xmllint =   1.40 sec*proc

