Start testing: Nov 14 11:13 JST
----------------------------------------------------------
1/6 Testing: copyright
1/6 Test: copyright
Command: "/usr/bin/python3" "-u" "/opt/ros/foxy/share/ament_cmake_test/cmake/run_test.py" "/home/jrlintern/Desktop/CNRS_AIST_Work/CNRS_AIST_Mobile_Shopping_Robot/robot_ws_ros2/build/examples_rclcpp_minimal_timer/test_results/examples_rclcpp_minimal_timer/copyright.xunit.xml" "--package-name" "examples_rclcpp_minimal_timer" "--output-file" "/home/jrlintern/Desktop/CNRS_AIST_Work/CNRS_AIST_Mobile_Shopping_Robot/robot_ws_ros2/build/examples_rclcpp_minimal_timer/ament_copyright/copyright.txt" "--command" "/opt/ros/foxy/bin/ament_copyright" "--xunit-file" "/home/jrlintern/Desktop/CNRS_AIST_Work/CNRS_AIST_Mobile_Shopping_Robot/robot_ws_ros2/build/examples_rclcpp_minimal_timer/test_results/examples_rclcpp_minimal_timer/copyright.xunit.xml"
Directory: /home/jrlintern/Desktop/CNRS_AIST_Work/CNRS_AIST_Mobile_Shopping_Robot/robot_ws_ros2/src/examples/rclcpp/timers/minimal_timer
"copyright" start time: Nov 14 11:13 JST
Output:
----------------------------------------------------------
-- run_test.py: invoking following command in '/home/jrlintern/Desktop/CNRS_AIST_Work/CNRS_AIST_Mobile_Shopping_Robot/robot_ws_ros2/src/examples/rclcpp/timers/minimal_timer':
 - /opt/ros/foxy/bin/ament_copyright --xunit-file /home/jrlintern/Desktop/CNRS_AIST_Work/CNRS_AIST_Mobile_Shopping_Robot/robot_ws_ros2/build/examples_rclcpp_minimal_timer/test_results/examples_rclcpp_minimal_timer/copyright.xunit.xml
No problems found, checked 2 files
-- run_test.py: return code 0
-- run_test.py: verify result file '/home/jrlintern/Desktop/CNRS_AIST_Work/CNRS_AIST_Mobile_Shopping_Robot/robot_ws_ros2/build/examples_rclcpp_minimal_timer/test_results/examples_rclcpp_minimal_timer/copyright.xunit.xml'
<end of output>
Test time =   0.56 sec
----------------------------------------------------------
Test Passed.
"copyright" end time: Nov 14 11:13 JST
"copyright" time elapsed: 00:00:00
----------------------------------------------------------

2/6 Testing: cppcheck
2/6 Test: cppcheck
Command: "/usr/bin/python3" "-u" "/opt/ros/foxy/share/ament_cmake_test/cmake/run_test.py" "/home/jrlintern/Desktop/CNRS_AIST_Work/CNRS_AIST_Mobile_Shopping_Robot/robot_ws_ros2/build/examples_rclcpp_minimal_timer/test_results/examples_rclcpp_minimal_timer/cppcheck.xunit.xml" "--package-name" "examples_rclcpp_minimal_timer" "--output-file" "/home/jrlintern/Desktop/CNRS_AIST_Work/CNRS_AIST_Mobile_Shopping_Robot/robot_ws_ros2/build/examples_rclcpp_minimal_timer/ament_cppcheck/cppcheck.txt" "--command" "/opt/ros/foxy/bin/ament_cppcheck" "--xunit-file" "/home/jrlintern/Desktop/CNRS_AIST_Work/CNRS_AIST_Mobile_Shopping_Robot/robot_ws_ros2/build/examples_rclcpp_minimal_timer/test_results/examples_rclcpp_minimal_timer/cppcheck.xunit.xml"
Directory: /home/jrlintern/Desktop/CNRS_AIST_Work/CNRS_AIST_Mobile_Shopping_Robot/robot_ws_ros2/src/examples/rclcpp/timers/minimal_timer
"cppcheck" start time: Nov 14 11:13 JST
Output:
----------------------------------------------------------
-- run_test.py: invoking following command in '/home/jrlintern/Desktop/CNRS_AIST_Work/CNRS_AIST_Mobile_Shopping_Robot/robot_ws_ros2/src/examples/rclcpp/timers/minimal_timer':
 - /opt/ros/foxy/bin/ament_cppcheck --xunit-file /home/jrlintern/Desktop/CNRS_AIST_Work/CNRS_AIST_Mobile_Shopping_Robot/robot_ws_ros2/build/examples_rclcpp_minimal_timer/test_results/examples_rclcpp_minimal_timer/cppcheck.xunit.xml
No problems found
-- run_test.py: return code 0
-- run_test.py: verify result file '/home/jrlintern/Desktop/CNRS_AIST_Work/CNRS_AIST_Mobile_Shopping_Robot/robot_ws_ros2/build/examples_rclcpp_minimal_timer/test_results/examples_rclcpp_minimal_timer/cppcheck.xunit.xml'
<end of output>
Test time =   0.56 sec
----------------------------------------------------------
Test Passed.
"cppcheck" end time: Nov 14 11:13 JST
"cppcheck" time elapsed: 00:00:00
----------------------------------------------------------

3/6 Testing: cpplint
3/6 Test: cpplint
Command: "/usr/bin/python3" "-u" "/opt/ros/foxy/share/ament_cmake_test/cmake/run_test.py" "/home/jrlintern/Desktop/CNRS_AIST_Work/CNRS_AIST_Mobile_Shopping_Robot/robot_ws_ros2/build/examples_rclcpp_minimal_timer/test_results/examples_rclcpp_minimal_timer/cpplint.xunit.xml" "--package-name" "examples_rclcpp_minimal_timer" "--output-file" "/home/jrlintern/Desktop/CNRS_AIST_Work/CNRS_AIST_Mobile_Shopping_Robot/robot_ws_ros2/build/examples_rclcpp_minimal_timer/ament_cpplint/cpplint.txt" "--command" "/opt/ros/foxy/bin/ament_cpplint" "--xunit-file" "/home/jrlintern/Desktop/CNRS_AIST_Work/CNRS_AIST_Mobile_Shopping_Robot/robot_ws_ros2/build/examples_rclcpp_minimal_timer/test_results/examples_rclcpp_minimal_timer/cpplint.xunit.xml"
Directory: /home/jrlintern/Desktop/CNRS_AIST_Work/CNRS_AIST_Mobile_Shopping_Robot/robot_ws_ros2/src/examples/rclcpp/timers/minimal_timer
"cpplint" start time: Nov 14 11:13 JST
Output:
----------------------------------------------------------
-- run_test.py: invoking following command in '/home/jrlintern/Desktop/CNRS_AIST_Work/CNRS_AIST_Mobile_Shopping_Robot/robot_ws_ros2/src/examples/rclcpp/timers/minimal_timer':
 - /opt/ros/foxy/bin/ament_cpplint --xunit-file /home/jrlintern/Desktop/CNRS_AIST_Work/CNRS_AIST_Mobile_Shopping_Robot/robot_ws_ros2/build/examples_rclcpp_minimal_timer/test_results/examples_rclcpp_minimal_timer/cpplint.xunit.xml
Using '--root=..' argument

Done processing /home/jrlintern/Desktop/CNRS_AIST_Work/CNRS_AIST_Mobile_Shopping_Robot/robot_ws_ros2/src/examples/rclcpp/timers/minimal_timer/lambda.cpp

Done processing /home/jrlintern/Desktop/CNRS_AIST_Work/CNRS_AIST_Mobile_Shopping_Robot/robot_ws_ros2/src/examples/rclcpp/timers/minimal_timer/member_function.cpp

No problems found
-- run_test.py: return code 0
-- run_test.py: verify result file '/home/jrlintern/Desktop/CNRS_AIST_Work/CNRS_AIST_Mobile_Shopping_Robot/robot_ws_ros2/build/examples_rclcpp_minimal_timer/test_results/examples_rclcpp_minimal_timer/cpplint.xunit.xml'
<end of output>
Test time =   0.82 sec
----------------------------------------------------------
Test Passed.
"cpplint" end time: Nov 14 11:13 JST
"cpplint" time elapsed: 00:00:00
----------------------------------------------------------

4/6 Testing: lint_cmake
4/6 Test: lint_cmake
Command: "/usr/bin/python3" "-u" "/opt/ros/foxy/share/ament_cmake_test/cmake/run_test.py" "/home/jrlintern/Desktop/CNRS_AIST_Work/CNRS_AIST_Mobile_Shopping_Robot/robot_ws_ros2/build/examples_rclcpp_minimal_timer/test_results/examples_rclcpp_minimal_timer/lint_cmake.xunit.xml" "--package-name" "examples_rclcpp_minimal_timer" "--output-file" "/home/jrlintern/Desktop/CNRS_AIST_Work/CNRS_AIST_Mobile_Shopping_Robot/robot_ws_ros2/build/examples_rclcpp_minimal_timer/ament_lint_cmake/lint_cmake.txt" "--command" "/opt/ros/foxy/bin/ament_lint_cmake" "--xunit-file" "/home/jrlintern/Desktop/CNRS_AIST_Work/CNRS_AIST_Mobile_Shopping_Robot/robot_ws_ros2/build/examples_rclcpp_minimal_timer/test_results/examples_rclcpp_minimal_timer/lint_cmake.xunit.xml"
Directory: /home/jrlintern/Desktop/CNRS_AIST_Work/CNRS_AIST_Mobile_Shopping_Robot/robot_ws_ros2/src/examples/rclcpp/timers/minimal_timer
"lint_cmake" start time: Nov 14 11:13 JST
Output:
----------------------------------------------------------
-- run_test.py: invoking following command in '/home/jrlintern/Desktop/CNRS_AIST_Work/CNRS_AIST_Mobile_Shopping_Robot/robot_ws_ros2/src/examples/rclcpp/timers/minimal_timer':
 - /opt/ros/foxy/bin/ament_lint_cmake --xunit-file /home/jrlintern/Desktop/CNRS_AIST_Work/CNRS_AIST_Mobile_Shopping_Robot/robot_ws_ros2/build/examples_rclcpp_minimal_timer/test_results/examples_rclcpp_minimal_timer/lint_cmake.xunit.xml

No problems found
-- run_test.py: return code 0
-- run_test.py: verify result file '/home/jrlintern/Desktop/CNRS_AIST_Work/CNRS_AIST_Mobile_Shopping_Robot/robot_ws_ros2/build/examples_rclcpp_minimal_timer/test_results/examples_rclcpp_minimal_timer/lint_cmake.xunit.xml'
<end of output>
Test time =   1.11 sec
----------------------------------------------------------
Test Passed.
"lint_cmake" end time: Nov 14 11:13 JST
"lint_cmake" time elapsed: 00:00:01
----------------------------------------------------------

5/6 Testing: uncrustify
5/6 Test: uncrustify
Command: "/usr/bin/python3" "-u" "/opt/ros/foxy/share/ament_cmake_test/cmake/run_test.py" "/home/jrlintern/Desktop/CNRS_AIST_Work/CNRS_AIST_Mobile_Shopping_Robot/robot_ws_ros2/build/examples_rclcpp_minimal_timer/test_results/examples_rclcpp_minimal_timer/uncrustify.xunit.xml" "--package-name" "examples_rclcpp_minimal_timer" "--output-file" "/home/jrlintern/Desktop/CNRS_AIST_Work/CNRS_AIST_Mobile_Shopping_Robot/robot_ws_ros2/build/examples_rclcpp_minimal_timer/ament_uncrustify/uncrustify.txt" "--command" "/opt/ros/foxy/bin/ament_uncrustify" "--xunit-file" "/home/jrlintern/Desktop/CNRS_AIST_Work/CNRS_AIST_Mobile_Shopping_Robot/robot_ws_ros2/build/examples_rclcpp_minimal_timer/test_results/examples_rclcpp_minimal_timer/uncrustify.xunit.xml"
Directory: /home/jrlintern/Desktop/CNRS_AIST_Work/CNRS_AIST_Mobile_Shopping_Robot/robot_ws_ros2/src/examples/rclcpp/timers/minimal_timer
"uncrustify" start time: Nov 14 11:13 JST
Output:
----------------------------------------------------------
-- run_test.py: invoking following command in '/home/jrlintern/Desktop/CNRS_AIST_Work/CNRS_AIST_Mobile_Shopping_Robot/robot_ws_ros2/src/examples/rclcpp/timers/minimal_timer':
 - /opt/ros/foxy/bin/ament_uncrustify --xunit-file /home/jrlintern/Desktop/CNRS_AIST_Work/CNRS_AIST_Mobile_Shopping_Robot/robot_ws_ros2/build/examples_rclcpp_minimal_timer/test_results/examples_rclcpp_minimal_timer/uncrustify.xunit.xml
No code style divergence in file 'lambda.cpp'

No code style divergence in file 'member_function.cpp'

No problems found
-- run_test.py: return code 0
-- run_test.py: verify result file '/home/jrlintern/Desktop/CNRS_AIST_Work/CNRS_AIST_Mobile_Shopping_Robot/robot_ws_ros2/build/examples_rclcpp_minimal_timer/test_results/examples_rclcpp_minimal_timer/uncrustify.xunit.xml'
<end of output>
Test time =   0.60 sec
----------------------------------------------------------
Test Passed.
"uncrustify" end time: Nov 14 11:13 JST
"uncrustify" time elapsed: 00:00:00
----------------------------------------------------------

6/6 Testing: xmllint
6/6 Test: xmllint
Command: "/usr/bin/python3" "-u" "/opt/ros/foxy/share/ament_cmake_test/cmake/run_test.py" "/home/jrlintern/Desktop/CNRS_AIST_Work/CNRS_AIST_Mobile_Shopping_Robot/robot_ws_ros2/build/examples_rclcpp_minimal_timer/test_results/examples_rclcpp_minimal_timer/xmllint.xunit.xml" "--package-name" "examples_rclcpp_minimal_timer" "--output-file" "/home/jrlintern/Desktop/CNRS_AIST_Work/CNRS_AIST_Mobile_Shopping_Robot/robot_ws_ros2/build/examples_rclcpp_minimal_timer/ament_xmllint/xmllint.txt" "--command" "/opt/ros/foxy/bin/ament_xmllint" "--xunit-file" "/home/jrlintern/Desktop/CNRS_AIST_Work/CNRS_AIST_Mobile_Shopping_Robot/robot_ws_ros2/build/examples_rclcpp_minimal_timer/test_results/examples_rclcpp_minimal_timer/xmllint.xunit.xml"
Directory: /home/jrlintern/Desktop/CNRS_AIST_Work/CNRS_AIST_Mobile_Shopping_Robot/robot_ws_ros2/src/examples/rclcpp/timers/minimal_timer
"xmllint" start time: Nov 14 11:13 JST
Output:
----------------------------------------------------------
-- run_test.py: invoking following command in '/home/jrlintern/Desktop/CNRS_AIST_Work/CNRS_AIST_Mobile_Shopping_Robot/robot_ws_ros2/src/examples/rclcpp/timers/minimal_timer':
 - /opt/ros/foxy/bin/ament_xmllint --xunit-file /home/jrlintern/Desktop/CNRS_AIST_Work/CNRS_AIST_Mobile_Shopping_Robot/robot_ws_ros2/build/examples_rclcpp_minimal_timer/test_results/examples_rclcpp_minimal_timer/xmllint.xunit.xml
File 'package.xml' is valid

No problems found
-- run_test.py: return code 0
-- run_test.py: verify result file '/home/jrlintern/Desktop/CNRS_AIST_Work/CNRS_AIST_Mobile_Shopping_Robot/robot_ws_ros2/build/examples_rclcpp_minimal_timer/test_results/examples_rclcpp_minimal_timer/xmllint.xunit.xml'
<end of output>
Test time =   1.16 sec
----------------------------------------------------------
Test Passed.
"xmllint" end time: Nov 14 11:13 JST
"xmllint" time elapsed: 00:00:01
----------------------------------------------------------

End testing: Nov 14 11:13 JST

copyright =   0.56 sec*proc

cppcheck =   0.56 sec*proc

cpplint =   0.82 sec*proc

lint_cmake =   1.11 sec*proc

linter =   4.81 sec*proc

uncrustify =   0.60 sec*proc

xmllint =   1.16 sec*proc

