<?xml version="1.0" encoding="utf-8"?><testsuites><testsuite name="pytest" errors="0" failures="0" skipped="0" tests="3" time="0.622" timestamp="2023-11-14T11:13:52.569656" hostname="jrlintern-XPS-15-9560"><testcase classname="examples_rclpy_executors.executors.test.test_copyright" name="test_copyright" time="0.030" /><testcase classname="examples_rclpy_executors.executors.test.test_flake8" name="test_flake8" time="0.351" /><testcase classname="examples_rclpy_executors.executors.test.test_pep257" name="test_pep257" time="0.129" /></testsuite></testsuites>