Start testing: Nov 14 16:39 JST
----------------------------------------------------------
1/6 Testing: copyright
1/6 Test: copyright
Command: "/usr/bin/python3" "-u" "/opt/ros/foxy/share/ament_cmake_test/cmake/run_test.py" "/home/jrlintern/Desktop/CNRS_AIST_Work/CNRS_AIST_Mobile_Shopping_Robot/robot_ws_ros2/build/c_pkg/test_results/c_pkg/copyright.xunit.xml" "--package-name" "c_pkg" "--output-file" "/home/jrlintern/Desktop/CNRS_AIST_Work/CNRS_AIST_Mobile_Shopping_Robot/robot_ws_ros2/build/c_pkg/ament_copyright/copyright.txt" "--command" "/opt/ros/foxy/bin/ament_copyright" "--xunit-file" "/home/jrlintern/Desktop/CNRS_AIST_Work/CNRS_AIST_Mobile_Shopping_Robot/robot_ws_ros2/build/c_pkg/test_results/c_pkg/copyright.xunit.xml"
Directory: /home/jrlintern/Desktop/CNRS_AIST_Work/CNRS_AIST_Mobile_Shopping_Robot/robot_ws_ros2/src/c_pkg
"copyright" start time: Nov 14 16:39 JST
Output:
----------------------------------------------------------
-- run_test.py: invoking following command in '/home/jrlintern/Desktop/CNRS_AIST_Work/CNRS_AIST_Mobile_Shopping_Robot/robot_ws_ros2/src/c_pkg':
 - /opt/ros/foxy/bin/ament_copyright --xunit-file /home/jrlintern/Desktop/CNRS_AIST_Work/CNRS_AIST_Mobile_Shopping_Robot/robot_ws_ros2/build/c_pkg/test_results/c_pkg/copyright.xunit.xml
src/keyboard_control.cpp: could not find copyright notice
1 errors, checked 1 files
-- run_test.py: return code 1
-- run_test.py: verify result file '/home/jrlintern/Desktop/CNRS_AIST_Work/CNRS_AIST_Mobile_Shopping_Robot/robot_ws_ros2/build/c_pkg/test_results/c_pkg/copyright.xunit.xml'
<end of output>
Test time =   0.31 sec
----------------------------------------------------------
Test Failed.
"copyright" end time: Nov 14 16:39 JST
"copyright" time elapsed: 00:00:00
----------------------------------------------------------

2/6 Testing: cppcheck
2/6 Test: cppcheck
Command: "/usr/bin/python3" "-u" "/opt/ros/foxy/share/ament_cmake_test/cmake/run_test.py" "/home/jrlintern/Desktop/CNRS_AIST_Work/CNRS_AIST_Mobile_Shopping_Robot/robot_ws_ros2/build/c_pkg/test_results/c_pkg/cppcheck.xunit.xml" "--package-name" "c_pkg" "--output-file" "/home/jrlintern/Desktop/CNRS_AIST_Work/CNRS_AIST_Mobile_Shopping_Robot/robot_ws_ros2/build/c_pkg/ament_cppcheck/cppcheck.txt" "--command" "/opt/ros/foxy/bin/ament_cppcheck" "--xunit-file" "/home/jrlintern/Desktop/CNRS_AIST_Work/CNRS_AIST_Mobile_Shopping_Robot/robot_ws_ros2/build/c_pkg/test_results/c_pkg/cppcheck.xunit.xml"
Directory: /home/jrlintern/Desktop/CNRS_AIST_Work/CNRS_AIST_Mobile_Shopping_Robot/robot_ws_ros2/src/c_pkg
"cppcheck" start time: Nov 14 16:39 JST
Output:
----------------------------------------------------------
-- run_test.py: invoking following command in '/home/jrlintern/Desktop/CNRS_AIST_Work/CNRS_AIST_Mobile_Shopping_Robot/robot_ws_ros2/src/c_pkg':
 - /opt/ros/foxy/bin/ament_cppcheck --xunit-file /home/jrlintern/Desktop/CNRS_AIST_Work/CNRS_AIST_Mobile_Shopping_Robot/robot_ws_ros2/build/c_pkg/test_results/c_pkg/cppcheck.xunit.xml
No problems found
-- run_test.py: return code 0
-- run_test.py: verify result file '/home/jrlintern/Desktop/CNRS_AIST_Work/CNRS_AIST_Mobile_Shopping_Robot/robot_ws_ros2/build/c_pkg/test_results/c_pkg/cppcheck.xunit.xml'
<end of output>
Test time =   0.34 sec
----------------------------------------------------------
Test Passed.
"cppcheck" end time: Nov 14 16:39 JST
"cppcheck" time elapsed: 00:00:00
----------------------------------------------------------

3/6 Testing: cpplint
3/6 Test: cpplint
Command: "/usr/bin/python3" "-u" "/opt/ros/foxy/share/ament_cmake_test/cmake/run_test.py" "/home/jrlintern/Desktop/CNRS_AIST_Work/CNRS_AIST_Mobile_Shopping_Robot/robot_ws_ros2/build/c_pkg/test_results/c_pkg/cpplint.xunit.xml" "--package-name" "c_pkg" "--output-file" "/home/jrlintern/Desktop/CNRS_AIST_Work/CNRS_AIST_Mobile_Shopping_Robot/robot_ws_ros2/build/c_pkg/ament_cpplint/cpplint.txt" "--command" "/opt/ros/foxy/bin/ament_cpplint" "--xunit-file" "/home/jrlintern/Desktop/CNRS_AIST_Work/CNRS_AIST_Mobile_Shopping_Robot/robot_ws_ros2/build/c_pkg/test_results/c_pkg/cpplint.xunit.xml"
Directory: /home/jrlintern/Desktop/CNRS_AIST_Work/CNRS_AIST_Mobile_Shopping_Robot/robot_ws_ros2/src/c_pkg
"cpplint" start time: Nov 14 16:39 JST
Output:
----------------------------------------------------------
-- run_test.py: invoking following command in '/home/jrlintern/Desktop/CNRS_AIST_Work/CNRS_AIST_Mobile_Shopping_Robot/robot_ws_ros2/src/c_pkg':
 - /opt/ros/foxy/bin/ament_cpplint --xunit-file /home/jrlintern/Desktop/CNRS_AIST_Work/CNRS_AIST_Mobile_Shopping_Robot/robot_ws_ros2/build/c_pkg/test_results/c_pkg/cpplint.xunit.xml
/home/jrlintern/Desktop/CNRS_AIST_Work/CNRS_AIST_Mobile_Shopping_Robot/robot_ws_ros2/src/c_pkg/src/keyboard_control.cpp:0:  No copyright message found.  You should have a line: "Copyright [year] <Copyright Owner>"  [legal/copyright] [5]
/home/jrlintern/Desktop/CNRS_AIST_Work/CNRS_AIST_Mobile_Shopping_Robot/robot_ws_ros2/src/c_pkg/src/keyboard_control.cpp:3:  Found C system header after C++ system header. Should be: keyboard_control.h, c system, c++ system, other.  [build/include_order] [4]
/home/jrlintern/Desktop/CNRS_AIST_Work/CNRS_AIST_Mobile_Shopping_Robot/robot_ws_ros2/src/c_pkg/src/keyboard_control.cpp:4:  Found C system header after C++ system header. Should be: keyboard_control.h, c system, c++ system, other.  [build/include_order] [4]
/home/jrlintern/Desktop/CNRS_AIST_Work/CNRS_AIST_Mobile_Shopping_Robot/robot_ws_ros2/src/c_pkg/src/keyboard_control.cpp:13:  Should have a space between // and comment  [whitespace/comments] [4]
/home/jrlintern/Desktop/CNRS_AIST_Work/CNRS_AIST_Mobile_Shopping_Robot/robot_ws_ros2/src/c_pkg/src/keyboard_control.cpp:14:  Lines should be <= 100 characters long  [whitespace/line_length] [2]
/home/jrlintern/Desktop/CNRS_AIST_Work/CNRS_AIST_Mobile_Shopping_Robot/robot_ws_ros2/src/c_pkg/src/keyboard_control.cpp:15:  Should have a space between // and comment  [whitespace/comments] [4]
/home/jrlintern/Desktop/CNRS_AIST_Work/CNRS_AIST_Mobile_Shopping_Robot/robot_ws_ros2/src/c_pkg/src/keyboard_control.cpp:16:  Lines should be <= 100 characters long  [whitespace/line_length] [2]
/home/jrlintern/Desktop/CNRS_AIST_Work/CNRS_AIST_Mobile_Shopping_Robot/robot_ws_ros2/src/c_pkg/src/keyboard_control.cpp:17:  Line ends in whitespace.  Consider deleting these extra spaces.  [whitespace/end_of_line] [4]
/home/jrlintern/Desktop/CNRS_AIST_Work/CNRS_AIST_Mobile_Shopping_Robot/robot_ws_ros2/src/c_pkg/src/keyboard_control.cpp:20:  Line ends in whitespace.  Consider deleting these extra spaces.  [whitespace/end_of_line] [4]
/home/jrlintern/Desktop/CNRS_AIST_Work/CNRS_AIST_Mobile_Shopping_Robot/robot_ws_ros2/src/c_pkg/src/keyboard_control.cpp:20:  Should have a space between // and comment  [whitespace/comments] [4]
/home/jrlintern/Desktop/CNRS_AIST_Work/CNRS_AIST_Mobile_Shopping_Robot/robot_ws_ros2/src/c_pkg/src/keyboard_control.cpp:23:  Line ends in whitespace.  Consider deleting these extra spaces.  [whitespace/end_of_line] [4]
/home/jrlintern/Desktop/CNRS_AIST_Work/CNRS_AIST_Mobile_Shopping_Robot/robot_ws_ros2/src/c_pkg/src/keyboard_control.cpp:24:  Should have a space between // and comment  [whitespace/comments] [4]
/home/jrlintern/Desktop/CNRS_AIST_Work/CNRS_AIST_Mobile_Shopping_Robot/robot_ws_ros2/src/c_pkg/src/keyboard_control.cpp:29:  Redundant blank line at the end of a code block should be deleted.  [whitespace/blank_line] [3]
/home/jrlintern/Desktop/CNRS_AIST_Work/CNRS_AIST_Mobile_Shopping_Robot/robot_ws_ros2/src/c_pkg/src/keyboard_control.cpp:35:  Add #include <memory> for make_shared<>  [build/include_what_you_use] [4]
/home/jrlintern/Desktop/CNRS_AIST_Work/CNRS_AIST_Mobile_Shopping_Robot/robot_ws_ros2/src/c_pkg/src/keyboard_control.cpp:38:  Could not find a newline character at the end of the file.  [whitespace/ending_newline] [5]
Category 'build/include_order' errors found: 2
Category 'build/include_what_you_use' errors found: 1
Category 'legal/copyright' errors found: 1
Category 'whitespace/blank_line' errors found: 1
Category 'whitespace/comments' errors found: 4
Category 'whitespace/end_of_line' errors found: 3
Category 'whitespace/ending_newline' errors found: 1
Category 'whitespace/line_length' errors found: 2
Total errors found: 15
Using '--root=/home/jrlintern/Desktop/CNRS_AIST_Work/CNRS_AIST_Mobile_Shopping_Robot/robot_ws_ros2/src/c_pkg/src' argument

Done processing /home/jrlintern/Desktop/CNRS_AIST_Work/CNRS_AIST_Mobile_Shopping_Robot/robot_ws_ros2/src/c_pkg/src/keyboard_control.cpp

-- run_test.py: return code 1
-- run_test.py: verify result file '/home/jrlintern/Desktop/CNRS_AIST_Work/CNRS_AIST_Mobile_Shopping_Robot/robot_ws_ros2/build/c_pkg/test_results/c_pkg/cpplint.xunit.xml'
<end of output>
Test time =   0.34 sec
----------------------------------------------------------
Test Failed.
"cpplint" end time: Nov 14 16:39 JST
"cpplint" time elapsed: 00:00:00
----------------------------------------------------------

4/6 Testing: lint_cmake
4/6 Test: lint_cmake
Command: "/usr/bin/python3" "-u" "/opt/ros/foxy/share/ament_cmake_test/cmake/run_test.py" "/home/jrlintern/Desktop/CNRS_AIST_Work/CNRS_AIST_Mobile_Shopping_Robot/robot_ws_ros2/build/c_pkg/test_results/c_pkg/lint_cmake.xunit.xml" "--package-name" "c_pkg" "--output-file" "/home/jrlintern/Desktop/CNRS_AIST_Work/CNRS_AIST_Mobile_Shopping_Robot/robot_ws_ros2/build/c_pkg/ament_lint_cmake/lint_cmake.txt" "--command" "/opt/ros/foxy/bin/ament_lint_cmake" "--xunit-file" "/home/jrlintern/Desktop/CNRS_AIST_Work/CNRS_AIST_Mobile_Shopping_Robot/robot_ws_ros2/build/c_pkg/test_results/c_pkg/lint_cmake.xunit.xml"
Directory: /home/jrlintern/Desktop/CNRS_AIST_Work/CNRS_AIST_Mobile_Shopping_Robot/robot_ws_ros2/src/c_pkg
"lint_cmake" start time: Nov 14 16:39 JST
Output:
----------------------------------------------------------
-- run_test.py: invoking following command in '/home/jrlintern/Desktop/CNRS_AIST_Work/CNRS_AIST_Mobile_Shopping_Robot/robot_ws_ros2/src/c_pkg':
 - /opt/ros/foxy/bin/ament_lint_cmake --xunit-file /home/jrlintern/Desktop/CNRS_AIST_Work/CNRS_AIST_Mobile_Shopping_Robot/robot_ws_ros2/build/c_pkg/test_results/c_pkg/lint_cmake.xunit.xml

No problems found
-- run_test.py: return code 0
-- run_test.py: verify result file '/home/jrlintern/Desktop/CNRS_AIST_Work/CNRS_AIST_Mobile_Shopping_Robot/robot_ws_ros2/build/c_pkg/test_results/c_pkg/lint_cmake.xunit.xml'
<end of output>
Test time =   0.29 sec
----------------------------------------------------------
Test Passed.
"lint_cmake" end time: Nov 14 16:39 JST
"lint_cmake" time elapsed: 00:00:00
----------------------------------------------------------

5/6 Testing: uncrustify
5/6 Test: uncrustify
Command: "/usr/bin/python3" "-u" "/opt/ros/foxy/share/ament_cmake_test/cmake/run_test.py" "/home/jrlintern/Desktop/CNRS_AIST_Work/CNRS_AIST_Mobile_Shopping_Robot/robot_ws_ros2/build/c_pkg/test_results/c_pkg/uncrustify.xunit.xml" "--package-name" "c_pkg" "--output-file" "/home/jrlintern/Desktop/CNRS_AIST_Work/CNRS_AIST_Mobile_Shopping_Robot/robot_ws_ros2/build/c_pkg/ament_uncrustify/uncrustify.txt" "--command" "/opt/ros/foxy/bin/ament_uncrustify" "--xunit-file" "/home/jrlintern/Desktop/CNRS_AIST_Work/CNRS_AIST_Mobile_Shopping_Robot/robot_ws_ros2/build/c_pkg/test_results/c_pkg/uncrustify.xunit.xml"
Directory: /home/jrlintern/Desktop/CNRS_AIST_Work/CNRS_AIST_Mobile_Shopping_Robot/robot_ws_ros2/src/c_pkg
"uncrustify" start time: Nov 14 16:39 JST
Output:
----------------------------------------------------------
-- run_test.py: invoking following command in '/home/jrlintern/Desktop/CNRS_AIST_Work/CNRS_AIST_Mobile_Shopping_Robot/robot_ws_ros2/src/c_pkg':
 - /opt/ros/foxy/bin/ament_uncrustify --xunit-file /home/jrlintern/Desktop/CNRS_AIST_Work/CNRS_AIST_Mobile_Shopping_Robot/robot_ws_ros2/build/c_pkg/test_results/c_pkg/uncrustify.xunit.xml
Code style divergence in file 'src/keyboard_control.cpp':

--- src/keyboard_control.cpp
+++ src/keyboard_control.cpp.uncrustify
@@ -8 +8 @@
-class Keyboard_control:public rclcpp::Node
+class Keyboard_control : public rclcpp::Node
@@ -10,8 +10,9 @@
-    public:
-        Keyboard_control():Node("keyboard_control_node")
-        {
-            //create pubisher that will publish message of type [vx,vy,w]
-            publisher_ = this->create_publisher<std_msgs::msg::Float64MultiArray>("bot_command", 10);
-            //create timer that will call repetitively the function timer_callback
-            timer_ = this->create_wall_timer(500ms, std::bind(&Keyboard_control::timer_callback, this));
-        } 
+public:
+  Keyboard_control()
+  : Node("keyboard_control_node")
+  {
+    //create pubisher that will publish message of type [vx,vy,w]
+    publisher_ = this->create_publisher<std_msgs::msg::Float64MultiArray>("bot_command", 10);
+    //create timer that will call repetitively the function timer_callback
+    timer_ = this->create_wall_timer(500ms, std::bind(&Keyboard_control::timer_callback, this));
+  }
@@ -19,10 +20,10 @@
-    private:
-        //global variables    
-        rclcpp::TimerBase::SharedPtr timer_;
-        rclcpp::Publisher<std_msgs::msg::Float64MultiArray>::SharedPtr publisher_;
-        
-        //Functions
-        void timer_callback()
-        {
-            printf("ok\n");
-        }
+private:
+  //global variables
+  rclcpp::TimerBase::SharedPtr timer_;
+  rclcpp::Publisher<std_msgs::msg::Float64MultiArray>::SharedPtr publisher_;
+
+  //Functions
+  void timer_callback()
+  {
+    printf("ok\n");
+  }
@@ -38 +39 @@
-}
+}

1 files with code style divergence
-- run_test.py: return code 1
-- run_test.py: verify result file '/home/jrlintern/Desktop/CNRS_AIST_Work/CNRS_AIST_Mobile_Shopping_Robot/robot_ws_ros2/build/c_pkg/test_results/c_pkg/uncrustify.xunit.xml'
<end of output>
Test time =   0.34 sec
----------------------------------------------------------
Test Failed.
"uncrustify" end time: Nov 14 16:39 JST
"uncrustify" time elapsed: 00:00:00
----------------------------------------------------------

6/6 Testing: xmllint
6/6 Test: xmllint
Command: "/usr/bin/python3" "-u" "/opt/ros/foxy/share/ament_cmake_test/cmake/run_test.py" "/home/jrlintern/Desktop/CNRS_AIST_Work/CNRS_AIST_Mobile_Shopping_Robot/robot_ws_ros2/build/c_pkg/test_results/c_pkg/xmllint.xunit.xml" "--package-name" "c_pkg" "--output-file" "/home/jrlintern/Desktop/CNRS_AIST_Work/CNRS_AIST_Mobile_Shopping_Robot/robot_ws_ros2/build/c_pkg/ament_xmllint/xmllint.txt" "--command" "/opt/ros/foxy/bin/ament_xmllint" "--xunit-file" "/home/jrlintern/Desktop/CNRS_AIST_Work/CNRS_AIST_Mobile_Shopping_Robot/robot_ws_ros2/build/c_pkg/test_results/c_pkg/xmllint.xunit.xml"
Directory: /home/jrlintern/Desktop/CNRS_AIST_Work/CNRS_AIST_Mobile_Shopping_Robot/robot_ws_ros2/src/c_pkg
"xmllint" start time: Nov 14 16:39 JST
Output:
----------------------------------------------------------
-- run_test.py: invoking following command in '/home/jrlintern/Desktop/CNRS_AIST_Work/CNRS_AIST_Mobile_Shopping_Robot/robot_ws_ros2/src/c_pkg':
 - /opt/ros/foxy/bin/ament_xmllint --xunit-file /home/jrlintern/Desktop/CNRS_AIST_Work/CNRS_AIST_Mobile_Shopping_Robot/robot_ws_ros2/build/c_pkg/test_results/c_pkg/xmllint.xunit.xml
File 'package.xml' is valid

No problems found
-- run_test.py: return code 0
-- run_test.py: verify result file '/home/jrlintern/Desktop/CNRS_AIST_Work/CNRS_AIST_Mobile_Shopping_Robot/robot_ws_ros2/build/c_pkg/test_results/c_pkg/xmllint.xunit.xml'
<end of output>
Test time =   0.98 sec
----------------------------------------------------------
Test Passed.
"xmllint" end time: Nov 14 16:39 JST
"xmllint" time elapsed: 00:00:00
----------------------------------------------------------

End testing: Nov 14 16:39 JST

copyright =   0.31 sec*proc

cppcheck =   0.34 sec*proc

cpplint =   0.34 sec*proc

lint_cmake =   0.29 sec*proc

linter =   2.59 sec*proc

uncrustify =   0.34 sec*proc

xmllint =   0.98 sec*proc

