Start testing: Nov 14 15:31 JST
----------------------------------------------------------
1/3 Testing: copyright
1/3 Test: copyright
Command: "/usr/bin/python3" "-u" "/opt/ros/foxy/share/ament_cmake_test/cmake/run_test.py" "/home/jrlintern/Desktop/CNRS_AIST_Work/CNRS_AIST_Mobile_Shopping_Robot/robot_ws_ros2/build/c_pkg/test_results/c_pkg/copyright.xunit.xml" "--package-name" "c_pkg" "--output-file" "/home/jrlintern/Desktop/CNRS_AIST_Work/CNRS_AIST_Mobile_Shopping_Robot/robot_ws_ros2/build/c_pkg/ament_copyright/copyright.txt" "--command" "/opt/ros/foxy/bin/ament_copyright" "--xunit-file" "/home/jrlintern/Desktop/CNRS_AIST_Work/CNRS_AIST_Mobile_Shopping_Robot/robot_ws_ros2/build/c_pkg/test_results/c_pkg/copyright.xunit.xml"
Directory: /home/jrlintern/Desktop/CNRS_AIST_Work/CNRS_AIST_Mobile_Shopping_Robot/robot_ws_ros2/src/c_pkg
"copyright" start time: Nov 14 15:31 JST
Output:
----------------------------------------------------------
-- run_test.py: invoking following command in '/home/jrlintern/Desktop/CNRS_AIST_Work/CNRS_AIST_Mobile_Shopping_Robot/robot_ws_ros2/src/c_pkg':
 - /opt/ros/foxy/bin/ament_copyright --xunit-file /home/jrlintern/Desktop/CNRS_AIST_Work/CNRS_AIST_Mobile_Shopping_Robot/robot_ws_ros2/build/c_pkg/test_results/c_pkg/copyright.xunit.xml
No repository roots and files found
No problems found, checked 0 files
-- run_test.py: return code 0
-- run_test.py: verify result file '/home/jrlintern/Desktop/CNRS_AIST_Work/CNRS_AIST_Mobile_Shopping_Robot/robot_ws_ros2/build/c_pkg/test_results/c_pkg/copyright.xunit.xml'
<end of output>
Test time =   0.27 sec
----------------------------------------------------------
Test Passed.
"copyright" end time: Nov 14 15:31 JST
"copyright" time elapsed: 00:00:00
----------------------------------------------------------

2/3 Testing: lint_cmake
2/3 Test: lint_cmake
Command: "/usr/bin/python3" "-u" "/opt/ros/foxy/share/ament_cmake_test/cmake/run_test.py" "/home/jrlintern/Desktop/CNRS_AIST_Work/CNRS_AIST_Mobile_Shopping_Robot/robot_ws_ros2/build/c_pkg/test_results/c_pkg/lint_cmake.xunit.xml" "--package-name" "c_pkg" "--output-file" "/home/jrlintern/Desktop/CNRS_AIST_Work/CNRS_AIST_Mobile_Shopping_Robot/robot_ws_ros2/build/c_pkg/ament_lint_cmake/lint_cmake.txt" "--command" "/opt/ros/foxy/bin/ament_lint_cmake" "--xunit-file" "/home/jrlintern/Desktop/CNRS_AIST_Work/CNRS_AIST_Mobile_Shopping_Robot/robot_ws_ros2/build/c_pkg/test_results/c_pkg/lint_cmake.xunit.xml"
Directory: /home/jrlintern/Desktop/CNRS_AIST_Work/CNRS_AIST_Mobile_Shopping_Robot/robot_ws_ros2/src/c_pkg
"lint_cmake" start time: Nov 14 15:31 JST
Output:
----------------------------------------------------------
-- run_test.py: invoking following command in '/home/jrlintern/Desktop/CNRS_AIST_Work/CNRS_AIST_Mobile_Shopping_Robot/robot_ws_ros2/src/c_pkg':
 - /opt/ros/foxy/bin/ament_lint_cmake --xunit-file /home/jrlintern/Desktop/CNRS_AIST_Work/CNRS_AIST_Mobile_Shopping_Robot/robot_ws_ros2/build/c_pkg/test_results/c_pkg/lint_cmake.xunit.xml

No problems found
-- run_test.py: return code 0
-- run_test.py: verify result file '/home/jrlintern/Desktop/CNRS_AIST_Work/CNRS_AIST_Mobile_Shopping_Robot/robot_ws_ros2/build/c_pkg/test_results/c_pkg/lint_cmake.xunit.xml'
<end of output>
Test time =   0.26 sec
----------------------------------------------------------
Test Passed.
"lint_cmake" end time: Nov 14 15:31 JST
"lint_cmake" time elapsed: 00:00:00
----------------------------------------------------------

3/3 Testing: xmllint
3/3 Test: xmllint
Command: "/usr/bin/python3" "-u" "/opt/ros/foxy/share/ament_cmake_test/cmake/run_test.py" "/home/jrlintern/Desktop/CNRS_AIST_Work/CNRS_AIST_Mobile_Shopping_Robot/robot_ws_ros2/build/c_pkg/test_results/c_pkg/xmllint.xunit.xml" "--package-name" "c_pkg" "--output-file" "/home/jrlintern/Desktop/CNRS_AIST_Work/CNRS_AIST_Mobile_Shopping_Robot/robot_ws_ros2/build/c_pkg/ament_xmllint/xmllint.txt" "--command" "/opt/ros/foxy/bin/ament_xmllint" "--xunit-file" "/home/jrlintern/Desktop/CNRS_AIST_Work/CNRS_AIST_Mobile_Shopping_Robot/robot_ws_ros2/build/c_pkg/test_results/c_pkg/xmllint.xunit.xml"
Directory: /home/jrlintern/Desktop/CNRS_AIST_Work/CNRS_AIST_Mobile_Shopping_Robot/robot_ws_ros2/src/c_pkg
"xmllint" start time: Nov 14 15:31 JST
Output:
----------------------------------------------------------
-- run_test.py: invoking following command in '/home/jrlintern/Desktop/CNRS_AIST_Work/CNRS_AIST_Mobile_Shopping_Robot/robot_ws_ros2/src/c_pkg':
 - /opt/ros/foxy/bin/ament_xmllint --xunit-file /home/jrlintern/Desktop/CNRS_AIST_Work/CNRS_AIST_Mobile_Shopping_Robot/robot_ws_ros2/build/c_pkg/test_results/c_pkg/xmllint.xunit.xml
File 'package.xml' is valid

No problems found
-- run_test.py: return code 0
-- run_test.py: verify result file '/home/jrlintern/Desktop/CNRS_AIST_Work/CNRS_AIST_Mobile_Shopping_Robot/robot_ws_ros2/build/c_pkg/test_results/c_pkg/xmllint.xunit.xml'
<end of output>
Test time =   0.76 sec
----------------------------------------------------------
Test Passed.
"xmllint" end time: Nov 14 15:31 JST
"xmllint" time elapsed: 00:00:00
----------------------------------------------------------

End testing: Nov 14 15:31 JST

copyright =   0.27 sec*proc

lint_cmake =   0.26 sec*proc

linter =   1.30 sec*proc

xmllint =   0.76 sec*proc

